This is pdfTeX, Version 3.14159265-2.6-1.40.20 (MiKTeX 2.9.7050) (preloaded format=pdflatex 2019.9.23)  11 OCT 2019 12:18
entering extended mode
**./mainTesi.tex
(mainTesi.tex
LaTeX2e <2018-12-01>
(TesiDiaUniroma3.cls
Document Class: TesiDiaUniroma3 2008/02/13 v1.0 Tesi - DIA-Uniroma3
(/home/Jadis/.miktex/texmfs/install/tex/latex/memoir/memoir.cls
Document Class: memoir 2018/12/12 v3.7h configurable book, report, article docu
ment class
\onelineskip=\skip41
\lxvchars=\skip42
\xlvchars=\skip43
\@memcnta=\count80
\c@@memmarkcntra=\count81
(/home/Jadis/.miktex/texmfs/install/tex/generic/oberdiek/ifpdf.sty
Package: ifpdf 2018/09/07 v3.3 Provides the ifpdf switch
) (/home/Jadis/.miktex/texmfs/install/tex/latex/ifetex/ifetex.sty
Package: ifetex 2018/03/31 v1.2a ifetex
(/home/Jadis/.miktex/texmfs/install/tex/plain/ifetex/ifetex.tex)) (/home/Jadis/
.miktex/texmfs/install/tex/generic/ifxetex/ifxetex.sty
Package: ifxetex 2010/09/12 v0.6 Provides ifxetex conditional
) (/home/Jadis/.miktex/texmfs/install/tex/generic/oberdiek/ifluatex.sty
Package: ifluatex 2016/05/16 v1.4 Provides the ifluatex switch (HO)
Package ifluatex Info: LuaTeX not detected.
)
\stockheight=\skip44
\stockwidth=\skip45
\trimtop=\skip46
\trimedge=\skip47
(/home/Jadis/.miktex/texmfs/install/tex/latex/memoir/mem11.clo
File: mem11.clo 2008/01/30 v0.3 memoir class 11pt size option
)
\binding=\skip48
\spinemargin=\skip49
\foremargin=\skip50
\uppermargin=\skip51
\lowermargin=\skip52
\headdrop=\skip53
\normalrulethickness=\skip54
\mem@maxheadheight=\skip55
\mem@maxfootheight=\skip56
\headwidth=\skip57
\c@storedpagenumber=\count82
\memPD=\dimen102
\m@mabparskip=\skip58
\thanksmarkwidth=\skip59
\thanksmarksep=\skip60
\droptitle=\skip61
\c@book=\count83
\c@part=\count84
\c@chapter=\count85
\c@section=\count86
\c@subsection=\count87
\c@subsubsection=\count88
\c@paragraph=\count89
\c@subparagraph=\count90
\beforechapskip=\skip62
\midchapskip=\skip63
\afterchapskip=\skip64
\chapindent=\skip65
\bottomsectionskip=\skip66
\secindent=\skip67
\beforesecskip=\skip68
\aftersecskip=\skip69
\subsecindent=\skip70
\beforesubsecskip=\skip71
\aftersubsecskip=\skip72
\subsubsecindent=\skip73
\beforesubsubsecskip=\skip74
\aftersubsubsecskip=\skip75
\paraindent=\skip76
\beforeparaskip=\skip77
\afterparaskip=\skip78
\subparaindent=\skip79
\beforesubparaskip=\skip80
\aftersubparaskip=\skip81
\pfbreakskip=\skip82
\c@@ppsavesec=\count91
\c@@ppsaveapp=\count92
\ragrparindent=\dimen103
\everylistparindent=\dimen104
\parsepi=\skip83
\topsepi=\skip84
\itemsepi=\skip85
\parsepii=\skip86
\topsepii=\skip87
\topsepiii=\skip88
\itemsepii=\skip89
\itemsepiii=\skip90
\partopsepii=\skip91
\partopsepiii=\skip92
\m@msavetopsep=\skip93
\m@msavepartopsep=\skip94
\@enLab=\toks14
\abstitleskip=\skip95
\absleftindent=\skip96
\abs@leftindent=\dimen105
\absrightindent=\skip97
\absparindent=\skip98
\absparsep=\skip99
\c@vslineno=\count93
\c@poemline=\count94
\c@modulo@vs=\count95
\c@memfvsline=\count96
\vleftskip=\skip100
\vrightskip=\skip101
\stanzaskip=\skip102
\versewidth=\skip103
\vgap=\skip104
\vindent=\skip105
\vleftmargin=\dimen106
\c@verse=\count97
\c@chrsinstr=\count98
\beforepoemtitleskip=\skip106
\afterpoemtitleskip=\skip107
\c@poem=\count99
\beforePoemTitleskip=\skip108
\midPoemTitleskip=\skip109
\afterPoemTitleskip=\skip110
(/home/Jadis/.miktex/texmfs/install/tex/latex/tools/array.sty
Package: array 2018/12/30 v2.4k Tabular extension package (FMi)
\col@sep=\dimen107
\ar@mcellbox=\box27
\extrarowheight=\dimen108
\NC@list=\toks15
\extratabsurround=\skip111
\backup@length=\skip112
\ar@cellbox=\box28
) (/home/Jadis/.miktex/texmfs/install/tex/latex/tools/dcolumn.sty
Package: dcolumn 2014/10/28 v1.06 decimal alignment package (DPC)
) (/home/Jadis/.miktex/texmfs/install/tex/latex/tools/delarray.sty
Package: delarray 2014/10/28 v1.01 array delimiter package (DPC)
) (/home/Jadis/.miktex/texmfs/install/tex/latex/tools/tabularx.sty
Package: tabularx 2016/02/03 v2.11b `tabularx' package (DPC)
\TX@col@width=\dimen109
\TX@old@table=\dimen110
\TX@old@col=\dimen111
\TX@target=\dimen112
\TX@delta=\dimen113
\TX@cols=\count100
\TX@ftn=\toks16
)
\heavyrulewidth=\dimen114
\lightrulewidth=\dimen115
\cmidrulewidth=\dimen116
\belowrulesep=\dimen117
\belowbottomsep=\dimen118
\aboverulesep=\dimen119
\abovetopsep=\dimen120
\cmidrulesep=\dimen121
\cmidrulekern=\dimen122
\defaultaddspace=\dimen123
\@cmidla=\count101
\@cmidlb=\count102
\@aboverulesep=\dimen124
\@belowrulesep=\dimen125
\@thisruleclass=\count103
\@lastruleclass=\count104
\@thisrulewidth=\dimen126
\ctableftskip=\skip113
\ctabrightskip=\skip114
\abovecolumnspenalty=\count105
\@linestogo=\count106
\@cellstogo=\count107
\@cellsincolumn=\count108
\crtok=\toks17
\@mincolumnwidth=\dimen127
\c@newflo@tctr=\count109
\mem@margin@floatbox=\box29
\@contcwidth=\skip115
\@contindw=\skip116
\abovecaptionskip=\skip117
\belowcaptionskip=\skip118
\subfloattopskip=\skip119
\subfloatcapskip=\skip120
\subfloatcaptopadj=\skip121
\subfloatbottomskip=\skip122
\subfloatlabelskip=\skip123
\subfloatcapmargin=\dimen128
\c@@contsubnum=\count110
\m@mscap@capbox=\box30
\m@mscap@fbox=\box31
\sidecapsep=\dimen129
\sidecapwidth=\dimen130
\m@m@tempdima=\dimen131
\m@mscapraise=\dimen132
\sidecapraise=\dimen133
\m@mscapmainwidth=\dimen134
\m@mscaplkern=\dimen135
\beforeepigraphskip=\skip124
\afterepigraphskip=\skip125
\epigraphwidth=\skip126
\epigraphrule=\skip127
LaTeX Info: Redefining \em on input line 7592.
LaTeX Info: Redefining \emph on input line 7600.
\tocentryskip=\skip128
\tocbaseline=\skip129
\cftparskip=\skip130
\cftbeforebookskip=\skip131
\cftbookindent=\dimen136
\cftbooknumwidth=\dimen137
\cftbeforepartskip=\skip132
\cftpartindent=\skip133
\cftpartnumwidth=\skip134
\cftbeforechapterskip=\skip135
\cftchapterindent=\skip136
\cftchapternumwidth=\skip137
\cftbeforesectionskip=\skip138
\cftsectionindent=\skip139
\cftsectionnumwidth=\skip140
\cftbeforesubsectionskip=\skip141
\cftsubsectionindent=\skip142
\cftsubsectionnumwidth=\skip143
\cftbeforesubsubsectionskip=\skip144
\cftsubsubsectionindent=\skip145
\cftsubsubsectionnumwidth=\skip146
\cftbeforeparagraphskip=\skip147
\cftparagraphindent=\skip148
\cftparagraphnumwidth=\skip149
\cftbeforesubparagraphskip=\skip150
\cftsubparagraphindent=\skip151
\cftsubparagraphnumwidth=\skip152
\prechapterprecisshift=\dimen138
\c@maxsecnumdepth=\count111
\bibindent=\dimen139
\bibitemsep=\skip153
\indexcolsep=\skip154
\indexrule=\skip155
\indexmarkstyle=\toks18
\@indexbox=\insert199
\glossarycolsep=\dimen140
\glossaryrule=\dimen141
\sideparvshift=\skip156
\sideins=\insert198
\sidebartopsep=\skip157
\sidebarhsep=\skip158
\sidebarvsep=\skip159
\sidebarwidth=\skip160
\footmarkwidth=\skip161
\footmarksep=\skip162
\footparindent=\skip163
\footinsdim=\skip164
\footinsv@r=\insert197
\@mpfootinsv@r=\insert196
\m@m@k=\count112
\m@m@h=\dimen142
\m@mipn@skip=\skip165
\sidefootins=\insert195
\sidefootadjust=\skip166
\sidefootheight=\skip167
\sidefoothsep=\skip168
\sidefootvsep=\skip169
\sidefootwidth=\skip170
\m@mdownsf=\skip171
\c@sidefootnote=\count113
\sidefootmarkwidth=\skip172
\sidefootmarksep=\skip173
\sidefootparindent=\skip174
\c@pagenote=\count114
\c@pagenoteshadow=\count115
\mem@pn@lastkern=\skip175
\every@verbatim=\toks19
\afterevery@verbatim=\toks20
\verbatim@line=\toks21
\tab@position=\count116
\verbatim@in@stream=\read1
\verbatimindent=\skip176
\verbatim@out=\write3
\bvboxsep=\skip177
\c@memfbvline=\count117
\c@bvlinectr=\count118
\bvnumlength=\skip178
\fb@frw=\dimen143
\fb@frh=\dimen144
\FrameRule=\dimen145
\FrameSep=\dimen146
\c@cp@cntr=\count119
LaTeX Info: Redefining \: on input line 12114.
LaTeX Info: Redefining \! on input line 12116.
\c@ism@mctr=\count120
\c@xsm@mctr=\count121
\c@csm@mctr=\count122
\c@ksm@mctr=\count123
\c@xksm@mctr=\count124
\c@cksm@mctr=\count125
\c@msm@mctr=\count126
\c@xmsm@mctr=\count127
\c@cmsm@mctr=\count128
\c@bsm@mctr=\count129
\c@workm@mctr=\count130
\c@sheetsequence=\count131
\c@lastsheet=\count132
\c@lastpage=\count133
\c@figure=\count134
\c@lofdepth=\count135
\cftbeforefigureskip=\skip179
\cftfigureindent=\skip180
\cftfigurenumwidth=\skip181
\c@table=\count136
\c@lotdepth=\count137
\cftbeforetableskip=\skip182
\cfttableindent=\skip183
\cfttablenumwidth=\skip184
Package abstract [2008/07/23] emulated by memoir.
Package appendix [2008/07/23] emulated by memoir.
Package booktabs [2016/05/16] emulated by memoir.
Package ccaption [2008/07/23] emulated by memoir.
Package changepage [2008/07/23] emulated by memoir.
Package chngcntr [2008/07/23] emulated by memoir.
Package chngpage [2008/07/23] emulated by memoir.
Package crop emulated by memoir.
Package enumerate [2008/07/23] emulated by memoir.
Package epigraph [2008/07/23] emulated by memoir.
Package ifmtarg [2008/07/23] emulated by memoir.
Package index [2008/07/23] emulated by memoir.
Package makeidx [2008/07/23] emulated by memoir.
Package moreverb [2008/07/23] emulated by memoir.
Package mparhack [2008/07/23] emulated by memoir.
Package needspace [2008/07/23] emulated by memoir.
Package newfile [2008/07/23] emulated by memoir.
Package nextpage [2008/07/23] emulated by memoir.
Package pagenote [2008/07/23] emulated by memoir.
Package parskip [2008/07/23] emulated by memoir.
Package patchcmd [2008/07/23] emulated by memoir.
Package setspace [2008/07/23] emulated by memoir.
Package shortvrb [2008/07/23] emulated by memoir.
Package showidx [2008/07/23] emulated by memoir.
Package titleref [2008/07/23] emulated by memoir.
Package titling [2008/07/23] emulated by memoir.
Package tocbibind [2008/07/23] emulated by memoir.
Package tocloft [2008/07/23] emulated by memoir.
Package tocvsec2 [2008/07/23] emulated by memoir.
Package verbatim [2008/07/23] emulated by memoir.
Package verse [2008/07/23] emulated by memoir.
) (/home/Jadis/.miktex/texmfs/install/tex/generic/babel/babel.sty
Package: babel 2019/07/19 3.33 The Babel package
(/home/Jadis/.miktex/texmfs/install/tex/generic/babel/switch.def
File: switch.def 2019/07/19 3.33 Babel switching mechanism
)
*************************************
* Local config file bblopts.cfg used
*
(/home/Jadis/.miktex/texmfs/install/tex/latex/arabi/bblopts.cfg
File: bblopts.cfg 2005/09/08 v0.1 add Arabic and Farsi to "declared" options of
 babel
) (/home/Jadis/.miktex/texmfs/install/tex/latex/babel-italian/italian.ldf
Language: italian 2019/01/05 v.1.4.01 Italian support for the babel system
(/home/Jadis/.miktex/texmfs/install/tex/generic/babel/babel.def
File: babel.def 2019/07/19 3.33 Babel common definitions
\babel@savecnt=\count138
\U@D=\dimen147
(/home/Jadis/.miktex/texmfs/install/tex/generic/babel/txtbabel.def)
\bbl@dirlevel=\count139
)

Package babel Warning: No hyphenation patterns were preloaded for
(babel)                the language `Italian' into the format.
(babel)                Please, configure your TeX system to add them and
(babel)                rebuild the format. Now I will use the patterns
(babel)                preloaded for \language=0 instead on input line 21.

\l@italian = a dialect from \language0
\it@lettering=\count140
\it@doublequoteactive=\count141
\it@ISOcompliance=\count142
)) (/home/Jadis/.miktex/texmfs/install/tex/latex/etoolbox/etoolbox.sty
Package: etoolbox 2019/09/09 v2.5g e-TeX tools for LaTeX (JAW)
\etb@tempcnta=\count143
) (/home/Jadis/.miktex/texmfs/install/tex/latex/graphics/graphicx.sty
Package: graphicx 2017/06/01 v1.1a Enhanced LaTeX Graphics (DPC,SPQR)
(/home/Jadis/.miktex/texmfs/install/tex/latex/graphics/keyval.sty
Package: keyval 2014/10/28 v1.15 key=value parser (DPC)
\KV@toks@=\toks22
) (/home/Jadis/.miktex/texmfs/install/tex/latex/graphics/graphics.sty
Package: graphics 2017/06/25 v1.2c Standard LaTeX Graphics (DPC,SPQR)
(/home/Jadis/.miktex/texmfs/install/tex/latex/graphics/trig.sty
Package: trig 2016/01/03 v1.10 sin cos tan (DPC)
) (/home/Jadis/.miktex/texmfs/install/tex/latex/graphics-cfg/graphics.cfg
File: graphics.cfg 2016/06/04 v1.11 sample graphics configuration
)
Package graphics Info: Driver file: pdftex.def on input line 99.
(/home/Jadis/.miktex/texmfs/install/tex/latex/graphics-def/pdftex.def
File: pdftex.def 2018/01/08 v1.0l Graphics/color driver for pdftex
))
\Gin@req@height=\dimen148
\Gin@req@width=\dimen149
) (/home/Jadis/.miktex/texmfs/install/tex/latex/base/fontenc.sty
Package: fontenc 2018/08/11 v2.0j Standard LaTeX package
(/home/Jadis/.miktex/texmfs/install/tex/latex/base/t1enc.def
File: t1enc.def 2018/08/11 v2.0j Standard LaTeX file
LaTeX Font Info:    Redeclaring font encoding T1 on input line 48.
)) (/home/Jadis/.miktex/texmfs/install/tex/latex/fancyhdr/fancyhdr.sty
Package: fancyhdr 2019/01/31 v3.10 Extensive control of page headers and footer
s
\f@nch@headwidth=\skip185
\f@nch@O@elh=\skip186
\f@nch@O@erh=\skip187
\f@nch@O@olh=\skip188
\f@nch@O@orh=\skip189
\f@nch@O@elf=\skip190
\f@nch@O@erf=\skip191
\f@nch@O@olf=\skip192
\f@nch@O@orf=\skip193
)) (/home/Jadis/.miktex/texmfs/install/tex/latex/amscls/amsthm.sty
Package: amsthm 2017/10/31 v2.20.4
\thm@style=\toks23
\thm@bodyfont=\toks24
\thm@headfont=\toks25
\thm@notefont=\toks26
\thm@headpunct=\toks27
\thm@preskip=\skip194
\thm@postskip=\skip256
\thm@headsep=\skip257
\dth@everypar=\toks28
) (/home/Jadis/.miktex/texmfs/install/tex/latex/amsmath/amsmath.sty
Package: amsmath 2018/12/01 v2.17b AMS math features
\@mathmargin=\skip258
For additional information on amsmath, use the `?' option.
(/home/Jadis/.miktex/texmfs/install/tex/latex/amsmath/amstext.sty
Package: amstext 2000/06/29 v2.01 AMS text
(/home/Jadis/.miktex/texmfs/install/tex/latex/amsmath/amsgen.sty
File: amsgen.sty 1999/11/30 v2.0 generic functions
\@emptytoks=\toks29
\ex@=\dimen150
)) (/home/Jadis/.miktex/texmfs/install/tex/latex/amsmath/amsbsy.sty
Package: amsbsy 1999/11/29 v1.2d Bold Symbols
\pmbraise@=\dimen151
) (/home/Jadis/.miktex/texmfs/install/tex/latex/amsmath/amsopn.sty
Package: amsopn 2016/03/08 v2.02 operator names
)
\inf@bad=\count144
LaTeX Info: Redefining \frac on input line 223.
\uproot@=\count145
\leftroot@=\count146
LaTeX Info: Redefining \overline on input line 385.
\classnum@=\count147
\DOTSCASE@=\count148
LaTeX Info: Redefining \ldots on input line 482.
LaTeX Info: Redefining \dots on input line 485.
LaTeX Info: Redefining \cdots on input line 606.
\Mathstrutbox@=\box32
\strutbox@=\box33
\big@size=\dimen152
LaTeX Font Info:    Redeclaring font encoding OML on input line 729.
LaTeX Font Info:    Redeclaring font encoding OMS on input line 730.
\macc@depth=\count149
\c@MaxMatrixCols=\count150
\dotsspace@=\muskip10
\c@parentequation=\count151
\dspbrk@lvl=\count152
\tag@help=\toks30
\row@=\count153
\column@=\count154
\maxfields@=\count155
\andhelp@=\toks31
\eqnshift@=\dimen153
\alignsep@=\dimen154
\tagshift@=\dimen155
\tagwidth@=\dimen156
\totwidth@=\dimen157
\lineht@=\dimen158
\@envbody=\toks32
\multlinegap=\skip259
\multlinetaggap=\skip260
\mathdisplay@stack=\toks33
LaTeX Info: Redefining \[ on input line 2844.
LaTeX Info: Redefining \] on input line 2845.
) (/home/Jadis/.miktex/texmfs/install/tex/latex/pgf/frontendlayer/tikz.sty (/ho
me/Jadis/.miktex/texmfs/install/tex/latex/pgf/basiclayer/pgf.sty (/home/Jadis/.
miktex/texmfs/install/tex/latex/pgf/utilities/pgfrcs.sty
(/home/Jadis/.miktex/texmfs/install/tex/generic/pgf/utilities/pgfutil-common.te
x
\pgfutil@everybye=\toks34
\pgfutil@tempdima=\dimen159
\pgfutil@tempdimb=\dimen160

(/home/Jadis/.miktex/texmfs/install/tex/generic/pgf/utilities/pgfutil-common-li
sts.tex))
(/home/Jadis/.miktex/texmfs/install/tex/generic/pgf/utilities/pgfutil-latex.def
\pgfutil@abb=\box34
(/home/Jadis/.miktex/texmfs/install/tex/latex/ms/everyshi.sty
Package: everyshi 2001/05/15 v3.00 EveryShipout Package (MS)
)) (/home/Jadis/.miktex/texmfs/install/tex/generic/pgf/utilities/pgfrcs.code.te
x (/home/Jadis/.miktex/texmfs/install/tex/generic/pgf/pgf.revision.tex)
Package: pgfrcs 2019/08/03 v3.1.4b (3.1.4b)
))
Package: pgf 2019/08/03 v3.1.4b (3.1.4b)
(/home/Jadis/.miktex/texmfs/install/tex/latex/pgf/basiclayer/pgfcore.sty (/home
/Jadis/.miktex/texmfs/install/tex/latex/pgf/systemlayer/pgfsys.sty
(/home/Jadis/.miktex/texmfs/install/tex/generic/pgf/systemlayer/pgfsys.code.tex
Package: pgfsys 2019/08/03 v3.1.4b (3.1.4b)
(/home/Jadis/.miktex/texmfs/install/tex/generic/pgf/utilities/pgfkeys.code.tex
\pgfkeys@pathtoks=\toks35
\pgfkeys@temptoks=\toks36

(/home/Jadis/.miktex/texmfs/install/tex/generic/pgf/utilities/pgfkeysfiltered.c
ode.tex
\pgfkeys@tmptoks=\toks37
))
\pgf@x=\dimen161
\pgf@y=\dimen162
\pgf@xa=\dimen163
\pgf@ya=\dimen164
\pgf@xb=\dimen165
\pgf@yb=\dimen166
\pgf@xc=\dimen167
\pgf@yc=\dimen168
\pgf@xd=\dimen169
\pgf@yd=\dimen170
\w@pgf@writea=\write4
\r@pgf@reada=\read2
\c@pgf@counta=\count156
\c@pgf@countb=\count157
\c@pgf@countc=\count158
\c@pgf@countd=\count159
\t@pgf@toka=\toks38
\t@pgf@tokb=\toks39
\t@pgf@tokc=\toks40
\pgf@sys@id@count=\count160
(/home/Jadis/.miktex/texmfs/install/tex/generic/pgf/systemlayer/pgf.cfg
File: pgf.cfg 2019/08/03 v3.1.4b (3.1.4b)
)
Driver file for pgf: pgfsys-pdftex.def

(/home/Jadis/.miktex/texmfs/install/tex/generic/pgf/systemlayer/pgfsys-pdftex.d
ef
File: pgfsys-pdftex.def 2019/08/03 v3.1.4b (3.1.4b)

(/home/Jadis/.miktex/texmfs/install/tex/generic/pgf/systemlayer/pgfsys-common-p
df.def
File: pgfsys-common-pdf.def 2019/08/03 v3.1.4b (3.1.4b)
)))
(/home/Jadis/.miktex/texmfs/install/tex/generic/pgf/systemlayer/pgfsyssoftpath.
code.tex
File: pgfsyssoftpath.code.tex 2019/08/03 v3.1.4b (3.1.4b)
\pgfsyssoftpath@smallbuffer@items=\count161
\pgfsyssoftpath@bigbuffer@items=\count162
)
(/home/Jadis/.miktex/texmfs/install/tex/generic/pgf/systemlayer/pgfsysprotocol.
code.tex
File: pgfsysprotocol.code.tex 2019/08/03 v3.1.4b (3.1.4b)
)) (/home/Jadis/.miktex/texmfs/install/tex/latex/xcolor/xcolor.sty
Package: xcolor 2016/05/11 v2.12 LaTeX color extensions (UK)
(/home/Jadis/.miktex/texmfs/install/tex/latex/graphics-cfg/color.cfg
File: color.cfg 2016/01/02 v1.6 sample color configuration
)
Package xcolor Info: Driver file: pdftex.def on input line 225.
Package xcolor Info: Model `cmy' substituted by `cmy0' on input line 1348.
Package xcolor Info: Model `hsb' substituted by `rgb' on input line 1352.
Package xcolor Info: Model `RGB' extended on input line 1364.
Package xcolor Info: Model `HTML' substituted by `rgb' on input line 1366.
Package xcolor Info: Model `Hsb' substituted by `hsb' on input line 1367.
Package xcolor Info: Model `tHsb' substituted by `hsb' on input line 1368.
Package xcolor Info: Model `HSB' substituted by `hsb' on input line 1369.
Package xcolor Info: Model `Gray' substituted by `gray' on input line 1370.
Package xcolor Info: Model `wave' substituted by `hsb' on input line 1371.
)
(/home/Jadis/.miktex/texmfs/install/tex/generic/pgf/basiclayer/pgfcore.code.tex
Package: pgfcore 2019/08/03 v3.1.4b (3.1.4b)
(/home/Jadis/.miktex/texmfs/install/tex/generic/pgf/math/pgfmath.code.tex (/hom
e/Jadis/.miktex/texmfs/install/tex/generic/pgf/math/pgfmathcalc.code.tex (/home
/Jadis/.miktex/texmfs/install/tex/generic/pgf/math/pgfmathutil.code.tex)
(/home/Jadis/.miktex/texmfs/install/tex/generic/pgf/math/pgfmathparser.code.tex
\pgfmath@dimen=\dimen171
\pgfmath@count=\count163
\pgfmath@box=\box35
\pgfmath@toks=\toks41
\pgfmath@stack@operand=\toks42
\pgfmath@stack@operation=\toks43
)
(/home/Jadis/.miktex/texmfs/install/tex/generic/pgf/math/pgfmathfunctions.code.
tex
(/home/Jadis/.miktex/texmfs/install/tex/generic/pgf/math/pgfmathfunctions.basic
.code.tex)
(/home/Jadis/.miktex/texmfs/install/tex/generic/pgf/math/pgfmathfunctions.trigo
nometric.code.tex)
(/home/Jadis/.miktex/texmfs/install/tex/generic/pgf/math/pgfmathfunctions.rando
m.code.tex)
(/home/Jadis/.miktex/texmfs/install/tex/generic/pgf/math/pgfmathfunctions.compa
rison.code.tex)
(/home/Jadis/.miktex/texmfs/install/tex/generic/pgf/math/pgfmathfunctions.base.
code.tex)
(/home/Jadis/.miktex/texmfs/install/tex/generic/pgf/math/pgfmathfunctions.round
.code.tex)
(/home/Jadis/.miktex/texmfs/install/tex/generic/pgf/math/pgfmathfunctions.misc.
code.tex)
(/home/Jadis/.miktex/texmfs/install/tex/generic/pgf/math/pgfmathfunctions.integ
erarithmetics.code.tex))) (/home/Jadis/.miktex/texmfs/install/tex/generic/pgf/m
ath/pgfmathfloat.code.tex
\c@pgfmathroundto@lastzeros=\count164
)) (/home/Jadis/.miktex/texmfs/install/tex/generic/pgf/math/pgfint.code.tex)
(/home/Jadis/.miktex/texmfs/install/tex/generic/pgf/basiclayer/pgfcorepoints.co
de.tex
File: pgfcorepoints.code.tex 2019/08/03 v3.1.4b (3.1.4b)
\pgf@picminx=\dimen172
\pgf@picmaxx=\dimen173
\pgf@picminy=\dimen174
\pgf@picmaxy=\dimen175
\pgf@pathminx=\dimen176
\pgf@pathmaxx=\dimen177
\pgf@pathminy=\dimen178
\pgf@pathmaxy=\dimen179
\pgf@xx=\dimen180
\pgf@xy=\dimen181
\pgf@yx=\dimen182
\pgf@yy=\dimen183
\pgf@zx=\dimen184
\pgf@zy=\dimen185
)
(/home/Jadis/.miktex/texmfs/install/tex/generic/pgf/basiclayer/pgfcorepathconst
ruct.code.tex
File: pgfcorepathconstruct.code.tex 2019/08/03 v3.1.4b (3.1.4b)
\pgf@path@lastx=\dimen186
\pgf@path@lasty=\dimen187
)
(/home/Jadis/.miktex/texmfs/install/tex/generic/pgf/basiclayer/pgfcorepathusage
.code.tex
File: pgfcorepathusage.code.tex 2019/08/03 v3.1.4b (3.1.4b)
\pgf@shorten@end@additional=\dimen188
\pgf@shorten@start@additional=\dimen189
)
(/home/Jadis/.miktex/texmfs/install/tex/generic/pgf/basiclayer/pgfcorescopes.co
de.tex
File: pgfcorescopes.code.tex 2019/08/03 v3.1.4b (3.1.4b)
\pgfpic=\box36
\pgf@hbox=\box37
\pgf@layerbox@main=\box38
\pgf@picture@serial@count=\count165
)
(/home/Jadis/.miktex/texmfs/install/tex/generic/pgf/basiclayer/pgfcoregraphicst
ate.code.tex
File: pgfcoregraphicstate.code.tex 2019/08/03 v3.1.4b (3.1.4b)
\pgflinewidth=\dimen190
)
(/home/Jadis/.miktex/texmfs/install/tex/generic/pgf/basiclayer/pgfcoretransform
ations.code.tex
File: pgfcoretransformations.code.tex 2019/08/03 v3.1.4b (3.1.4b)
\pgf@pt@x=\dimen191
\pgf@pt@y=\dimen192
\pgf@pt@temp=\dimen193
)
(/home/Jadis/.miktex/texmfs/install/tex/generic/pgf/basiclayer/pgfcorequick.cod
e.tex
File: pgfcorequick.code.tex 2019/08/03 v3.1.4b (3.1.4b)
)
(/home/Jadis/.miktex/texmfs/install/tex/generic/pgf/basiclayer/pgfcoreobjects.c
ode.tex
File: pgfcoreobjects.code.tex 2019/08/03 v3.1.4b (3.1.4b)
)
(/home/Jadis/.miktex/texmfs/install/tex/generic/pgf/basiclayer/pgfcorepathproce
ssing.code.tex
File: pgfcorepathprocessing.code.tex 2019/08/03 v3.1.4b (3.1.4b)
)
(/home/Jadis/.miktex/texmfs/install/tex/generic/pgf/basiclayer/pgfcorearrows.co
de.tex
File: pgfcorearrows.code.tex 2019/08/03 v3.1.4b (3.1.4b)
\pgfarrowsep=\dimen194
)
(/home/Jadis/.miktex/texmfs/install/tex/generic/pgf/basiclayer/pgfcoreshade.cod
e.tex
File: pgfcoreshade.code.tex 2019/08/03 v3.1.4b (3.1.4b)
\pgf@max=\dimen256
\pgf@sys@shading@range@num=\count166
\pgf@shadingcount=\count167
)
(/home/Jadis/.miktex/texmfs/install/tex/generic/pgf/basiclayer/pgfcoreimage.cod
e.tex
File: pgfcoreimage.code.tex 2019/08/03 v3.1.4b (3.1.4b)

(/home/Jadis/.miktex/texmfs/install/tex/generic/pgf/basiclayer/pgfcoreexternal.
code.tex
File: pgfcoreexternal.code.tex 2019/08/03 v3.1.4b (3.1.4b)
\pgfexternal@startupbox=\box39
))
(/home/Jadis/.miktex/texmfs/install/tex/generic/pgf/basiclayer/pgfcorelayers.co
de.tex
File: pgfcorelayers.code.tex 2019/08/03 v3.1.4b (3.1.4b)
)
(/home/Jadis/.miktex/texmfs/install/tex/generic/pgf/basiclayer/pgfcoretranspare
ncy.code.tex
File: pgfcoretransparency.code.tex 2019/08/03 v3.1.4b (3.1.4b)
)
(/home/Jadis/.miktex/texmfs/install/tex/generic/pgf/basiclayer/pgfcorepatterns.
code.tex
File: pgfcorepatterns.code.tex 2019/08/03 v3.1.4b (3.1.4b)
)
(/home/Jadis/.miktex/texmfs/install/tex/generic/pgf/basiclayer/pgfcorerdf.code.
tex
File: pgfcorerdf.code.tex 2019/08/03 v3.1.4b (3.1.4b)
)))
(/home/Jadis/.miktex/texmfs/install/tex/generic/pgf/modules/pgfmoduleshapes.cod
e.tex
File: pgfmoduleshapes.code.tex 2019/08/03 v3.1.4b (3.1.4b)
\pgfnodeparttextbox=\box40
)
(/home/Jadis/.miktex/texmfs/install/tex/generic/pgf/modules/pgfmoduleplot.code.
tex
File: pgfmoduleplot.code.tex 2019/08/03 v3.1.4b (3.1.4b)
)
(/home/Jadis/.miktex/texmfs/install/tex/latex/pgf/compatibility/pgfcomp-version
-0-65.sty
Package: pgfcomp-version-0-65 2019/08/03 v3.1.4b (3.1.4b)
\pgf@nodesepstart=\dimen257
\pgf@nodesepend=\dimen258
)
(/home/Jadis/.miktex/texmfs/install/tex/latex/pgf/compatibility/pgfcomp-version
-1-18.sty
Package: pgfcomp-version-1-18 2019/08/03 v3.1.4b (3.1.4b)
)) (/home/Jadis/.miktex/texmfs/install/tex/latex/pgf/utilities/pgffor.sty (/hom
e/Jadis/.miktex/texmfs/install/tex/latex/pgf/utilities/pgfkeys.sty (/home/Jadis
/.miktex/texmfs/install/tex/generic/pgf/utilities/pgfkeys.code.tex)) (/home/Jad
is/.miktex/texmfs/install/tex/latex/pgf/math/pgfmath.sty (/home/Jadis/.miktex/t
exmfs/install/tex/generic/pgf/math/pgfmath.code.tex)) (/home/Jadis/.miktex/texm
fs/install/tex/generic/pgf/utilities/pgffor.code.tex
Package: pgffor 2019/08/03 v3.1.4b (3.1.4b)
(/home/Jadis/.miktex/texmfs/install/tex/generic/pgf/math/pgfmath.code.tex)
\pgffor@iter=\dimen259
\pgffor@skip=\dimen260
\pgffor@stack=\toks44
\pgffor@toks=\toks45
))
(/home/Jadis/.miktex/texmfs/install/tex/generic/pgf/frontendlayer/tikz/tikz.cod
e.tex
Package: tikz 2019/08/03 v3.1.4b (3.1.4b)

(/home/Jadis/.miktex/texmfs/install/tex/generic/pgf/libraries/pgflibraryplothan
dlers.code.tex
File: pgflibraryplothandlers.code.tex 2019/08/03 v3.1.4b (3.1.4b)
\pgf@plot@mark@count=\count168
\pgfplotmarksize=\dimen261
)
\tikz@lastx=\dimen262
\tikz@lasty=\dimen263
\tikz@lastxsaved=\dimen264
\tikz@lastysaved=\dimen265
\tikz@lastmovetox=\dimen266
\tikz@lastmovetoy=\dimen267
\tikzleveldistance=\dimen268
\tikzsiblingdistance=\dimen269
\tikz@figbox=\box41
\tikz@figbox@bg=\box42
\tikz@tempbox=\box43
\tikz@tempbox@bg=\box44
\tikztreelevel=\count169
\tikznumberofchildren=\count170
\tikznumberofcurrentchild=\count171
\tikz@fig@count=\count172

(/home/Jadis/.miktex/texmfs/install/tex/generic/pgf/modules/pgfmodulematrix.cod
e.tex
File: pgfmodulematrix.code.tex 2019/08/03 v3.1.4b (3.1.4b)
\pgfmatrixcurrentrow=\count173
\pgfmatrixcurrentcolumn=\count174
\pgf@matrix@numberofcolumns=\count175
)
\tikz@expandcount=\count176

(/home/Jadis/.miktex/texmfs/install/tex/generic/pgf/frontendlayer/tikz/librarie
s/tikzlibrarytopaths.code.tex
File: tikzlibrarytopaths.code.tex 2019/08/03 v3.1.4b (3.1.4b)
)))
LaTeX Info: Redefining \bf on input line 22.

(/home/Jadis/.miktex/texmfs/install/tex/generic/pgf/frontendlayer/tikz/librarie
s/tikzlibraryarrows.code.tex
File: tikzlibraryarrows.code.tex 2019/08/03 v3.1.4b (3.1.4b)

(/home/Jadis/.miktex/texmfs/install/tex/generic/pgf/libraries/pgflibraryarrows.
code.tex
File: pgflibraryarrows.code.tex 2019/08/03 v3.1.4b (3.1.4b)
\arrowsize=\dimen270
))
(/home/Jadis/.miktex/texmfs/install/tex/generic/pgf/frontendlayer/tikz/librarie
s/tikzlibrarycalc.code.tex
File: tikzlibrarycalc.code.tex 2019/08/03 v3.1.4b (3.1.4b)
)
(/home/Jadis/.miktex/texmfs/install/tex/generic/pgf/frontendlayer/tikz/librarie
s/tikzlibrarychains.code.tex
File: tikzlibrarychains.code.tex 2019/08/03 v3.1.4b (3.1.4b)

(/home/Jadis/.miktex/texmfs/install/tex/generic/pgf/frontendlayer/tikz/librarie
s/tikzlibrarypositioning.code.tex
File: tikzlibrarypositioning.code.tex 2019/08/03 v3.1.4b (3.1.4b)
)) (mainTesi.aux)
\openout1 = `mainTesi.aux'.

LaTeX Font Info:    Checking defaults for OML/cmm/m/it on input line 94.
LaTeX Font Info:    ... okay on input line 94.
LaTeX Font Info:    Checking defaults for T1/cmr/m/n on input line 94.
LaTeX Font Info:    ... okay on input line 94.
LaTeX Font Info:    Checking defaults for OT1/cmr/m/n on input line 94.
LaTeX Font Info:    ... okay on input line 94.
LaTeX Font Info:    Checking defaults for OMS/cmsy/m/n on input line 94.
LaTeX Font Info:    ... okay on input line 94.
LaTeX Font Info:    Checking defaults for OMX/cmex/m/n on input line 94.
LaTeX Font Info:    ... okay on input line 94.
LaTeX Font Info:    Checking defaults for U/cmr/m/n on input line 94.
LaTeX Font Info:    ... okay on input line 94.
LaTeX Info: Redefining \it@ocap on input line 94.
LaTeX Info: Redefining \it@ccap on input line 94.
(/home/Jadis/.miktex/texmfs/install/tex/context/base/mkii/supp-pdf.mkii
[Loading MPS to PDF converter (version 2006.09.02).]
\scratchcounter=\count177
\scratchdimen=\dimen271
\scratchbox=\box45
\nofMPsegments=\count178
\nofMParguments=\count179
\everyMPshowfont=\toks46
\MPscratchCnt=\count180
\MPscratchDim=\dimen272
\MPnumerator=\count181
\makeMPintoPDFobject=\count182
\everyMPtoPDFconversion=\toks47
) (/home/Jadis/.miktex/texmfs/install/tex/latex/oberdiek/epstopdf-base.sty
Package: epstopdf-base 2016/05/15 v2.6 Base part for package epstopdf
(/home/Jadis/.miktex/texmfs/install/tex/generic/oberdiek/infwarerr.sty
Package: infwarerr 2016/05/16 v1.4 Providing info/warning/error messages (HO)
) (/home/Jadis/.miktex/texmfs/install/tex/latex/oberdiek/grfext.sty
Package: grfext 2016/05/16 v1.2 Manage graphics extensions (HO)
(/home/Jadis/.miktex/texmfs/install/tex/generic/oberdiek/kvdefinekeys.sty
Package: kvdefinekeys 2016/05/16 v1.4 Define keys (HO)
(/home/Jadis/.miktex/texmfs/install/tex/generic/oberdiek/ltxcmds.sty
Package: ltxcmds 2016/05/16 v1.23 LaTeX kernel commands for general use (HO)
))) (/home/Jadis/.miktex/texmfs/install/tex/latex/oberdiek/kvoptions.sty
Package: kvoptions 2016/05/16 v3.12 Key value format for package options (HO)
(/home/Jadis/.miktex/texmfs/install/tex/generic/oberdiek/kvsetkeys.sty
Package: kvsetkeys 2016/05/16 v1.17 Key value parser (HO)
(/home/Jadis/.miktex/texmfs/install/tex/generic/oberdiek/etexcmds.sty
Package: etexcmds 2016/05/16 v1.6 Avoid name clashes with e-TeX commands (HO)
))) (/home/Jadis/.miktex/texmfs/install/tex/generic/oberdiek/pdftexcmds.sty
Package: pdftexcmds 2019/07/25 v0.30 Utility functions of pdfTeX for LuaTeX (HO
)
Package pdftexcmds Info: LuaTeX not detected.
Package pdftexcmds Info: \pdf@primitive is available.
Package pdftexcmds Info: \pdf@ifprimitive is available.
Package pdftexcmds Info: \pdfdraftmode found.
)
Package epstopdf-base Info: Redefining graphics rule for `.eps' on input line 4
38.
Package grfext Info: Graphics extension search list:
(grfext)             [.pdf,.png,.jpg,.mps,.jpeg,.jbig2,.jb2,.PDF,.PNG,.JPG,.JPE
G,.JBIG2,.JB2,.eps]
(grfext)             \AppendGraphicsExtensions on input line 456.
) ABD: EveryShipout initializing macros
<figure/uniroma3-logo.pdf, id=4, 196.735pt x 109.40875pt>
File: figure/uniroma3-logo.pdf Graphic file (type pdf)
<use figure/uniroma3-logo.pdf>
Package pdftex.def Info: figure/uniroma3-logo.pdf  used on input line 97.
(pdftex.def)             Requested size: 165.02347pt x 91.77249pt.
[1


{/home/Jadis/.miktex/texmfs/data/pdftex/config/pdftex.map} <./figure/uniroma3-l
ogo.pdf>] [2] (mainTesi.toc [3] [4]) [5] (mainTesi.lof [6

] [7]) [8] (introduzione.tex
Underfull \hbox (badness 10000) in paragraph at lines 3--6

 []

[9

] [10]
Underfull \hbox (badness 10000) in paragraph at lines 13--16

 []


Overfull \hbox (6.66327pt too wide) in paragraph at lines 20--21
[]\T1/cmr/bx/n/10.95 Primitive atomiche di interazione: \T1/cmr/m/n/10.95 elenc
o delle possibili primitive di interazione
 []

) [11] (Capitolo1.tex
Overfull \hbox (3.50967pt too wide) in paragraph at lines 4--8
\T1/cmr/m/n/12 La visualizzazione delle informazioni può essere definita come l
'utilizzo o comunque
 []

[1


]
LaTeX Font Info:    Try loading font information for OMS+cmr on input line 8.
(/home/Jadis/.miktex/texmfs/install/tex/latex/base/omscmr.fd
File: omscmr.fd 2014/09/29 v2.5h Standard LaTeX font definitions
)
LaTeX Font Info:    Font shape `OMS/cmr/m/n' in size <12> not available
(Font)              Font shape `OMS/cmsy/m/n' tried instead on input line 8.

Overfull \hbox (5.5677pt too wide) in paragraph at lines 12--15
\T1/cmr/m/n/12 per una rappresentazione dei dati corretta e soprattutto il mode
llo di progettazione.
 []


Overfull \hbox (7.22958pt too wide) in paragraph at lines 12--15
\T1/cmr/bx/n/12 Tamara Macushla Munzner \T1/cmr/m/n/12 propone un modello per l
a visualizzazione orientato
 []

[2]
Overfull \hbox (16.07304pt too wide) in paragraph at lines 28--29
[]\T1/cmr/bx/n/12 Analisi\T1/cmr/m/n/12 , contesto in cui la visualizzazione è 
tesa all'estrazione delle informazioni
 []


Overfull \hbox (8.15866pt too wide) in paragraph at lines 32--37
\T1/cmr/m/n/12 bisogna far riferimento al modello di Donald Arthur \T1/cmr/bx/n
/12 Norman\T1/cmr/m/n/12 , psicologo e ingegnere
 []

[3]
Overfull \hbox (4.39821pt too wide) in paragraph at lines 50--51
[]\T1/cmr/bx/n/12 2007\T1/cmr/m/n/12 : l'interazione fornisce agli utenti la ca
pacità di manipolare direttamente
 []


Overfull \hbox (23.6604pt too wide) in paragraph at lines 52--56
\T1/cmr/m/n/12 Già da queste definizioni è possibile notare la fondamentale imp
ortanza dell'interazione
 []


Overfull \hbox (9.97061pt too wide) in paragraph at lines 52--56
\T1/cmr/m/n/12 Date le varie definizioni dell'interazione e definito il suo imp
iego nella visualizzazione
 []

[4]
Overfull \hbox (26.87326pt too wide) in paragraph at lines 56--57
\T1/cmr/m/n/12 dell'interazione al comando dell'utente al sistema è la prima gr
ande classificazione.
 []


Overfull \hbox (5.7285pt too wide) in paragraph at lines 56--57
\T1/cmr/m/n/12 saranno cognitive ovvero task che verranno eseguiti prima di ott
enere risposte. 
 []

[5]
Overfull \hbox (13.83635pt too wide) in paragraph at lines 63--64
[]\T1/cmr/bx/n/12 trasformabile \T1/cmr/m/n/12 ovvero di grado $\OT1/cmr/m/n/12
 3$ \T1/cmr/m/n/12 dove l'interazione permette di intervenire
 []

<figure/grafoGenerico.png, id=84, 656.4525pt x 347.2975pt>
File: figure/grafoGenerico.png Graphic file (type png)
<use figure/grafoGenerico.png>
Package pdftex.def Info: figure/grafoGenerico.png  used on input line 72.
(pdftex.def)             Requested size: 288.79422pt x 152.79016pt.
[6] [7 <./figure/grafoGenerico.png>]
Overfull \hbox (14.15486pt too wide) in paragraph at lines 86--88
\T1/cmr/m/n/12 In un grafo infine si definisce ciclo (o circuito) di lunghezza 
$\OML/cmm/m/it/12 m$ \T1/cmr/m/n/12 una catena $\OT1/cmr/m/n/12 (\OML/cmm/m/it/
12 v\OT1/cmr/m/n/12 0\OML/cmm/m/it/12 ; :::; vm \OMS/cmsy/m/n/12  
 []

<figure/alberoGenerico.png, id=94, 640.3925pt x 335.2525pt>
File: figure/alberoGenerico.png Graphic file (type png)
<use figure/alberoGenerico.png>
Package pdftex.def Info: figure/alberoGenerico.png  used on input line 98.
(pdftex.def)             Requested size: 330.05322pt x 172.7874pt.
[8]
Overfull \hbox (25.79851pt too wide) in paragraph at lines 106--107
[]\T1/cmr/bx/n/12 nodi interni\T1/cmr/m/n/12 : definiti come nodi con almeno un
 figlio e suddivisibili ulteriormente
 []

<figure/flatTree.png, id=99, 642.4pt x 323.2075pt>
File: figure/flatTree.png Graphic file (type png)
<use figure/flatTree.png>
Package pdftex.def Info: figure/flatTree.png  used on input line 112.
(pdftex.def)             Requested size: 330.05322pt x 166.06165pt.
[9 <./figure/alberoGenerico.png>]
Underfull \hbox (badness 10000) in paragraph at lines 123--125

 []

) [10 <./figure/flatTree.png>] (Capitolo2.tex
Overfull \hbox (22.37735pt too wide) in paragraph at lines 2--3
\T1/cmr/m/n/12 alberi, come definito anche nel libro "Graph Drawing: Algorithms
 for the Visualization
 []


Overfull \hbox (37.68762pt too wide) in paragraph at lines 2--3
\T1/cmr/m/n/12 of Graphs" [[]] e saranno elencate le modalità di interazione pe
r le rappresentazioni
 []

<figure/nodeLink.png, id=109, 616.3025pt x 192.72pt>
File: figure/nodeLink.png Graphic file (type png)
<use figure/nodeLink.png>
Package pdftex.def Info: figure/nodeLink.png  used on input line 8.
(pdftex.def)             Requested size: 330.05322pt x 103.2115pt.
<figure/spaceFilling.png, id=110, 659.46375pt x 173.64874pt>
File: figure/spaceFilling.png Graphic file (type png)
<use figure/spaceFilling.png>
Package pdftex.def Info: figure/spaceFilling.png  used on input line 16.
(pdftex.def)             Requested size: 371.30595pt x 97.7752pt.
<figure/layered.png, id=111, 672.5125pt x 271.0125pt>
File: figure/layered.png Graphic file (type png)
<use figure/layered.png>
Package pdftex.def Info: figure/layered.png  used on input line 24.
(pdftex.def)             Requested size: 371.30595pt x 149.63213pt.

Overfull \hbox (26.38202pt too wide) in paragraph at lines 4--28
\T1/cmr/m/n/12 Nella strategia Space-filling forme geometriche, solitamente ret
tangolari, rappresentano
 []


Overfull \hbox (7.26031pt too wide) in paragraph at lines 4--28
\T1/cmr/m/n/12 Node-link scegliendo una rappresentazione "layered drawing",di c
ui ne è un esempio
 []

[11

] [12 <./figure/nodeLink.png> <./figure/spaceFilling.png>]
Overfull \hbox (28.3657pt too wide) in paragraph at lines 30--32
\T1/cmr/m/n/12 equilibro corrisponda ad una rappresentazione grafica gradevole.
 Ogni rappresentazione
 []

[13 <./figure/layered.png>]
<figure/baricenter.png, id=124, 338.26375pt x 391.4625pt>
File: figure/baricenter.png Graphic file (type png)
<use figure/baricenter.png>
Package pdftex.def Info: figure/baricenter.png  used on input line 35.
(pdftex.def)             Requested size: 165.02347pt x 190.98204pt.

Overfull \hbox (2.6281pt too wide) in paragraph at lines 40--45
\T1/cmr/m/n/12 simile a quella nella figura \T1/cmr/bx/n/12 Figura 2.5[] \T1/cm
r/m/n/12 Combina forze elettriche e forze meccaniche.
 []

[14 <./figure/baricenter.png>]
<figure/spring.png, id=131, 632.3625pt x 456.70625pt>
File: figure/spring.png Graphic file (type png)
<use figure/spring.png>
Package pdftex.def Info: figure/spring.png  used on input line 49.
(pdftex.def)             Requested size: 330.05322pt x 238.37364pt.

Overfull \hbox (14.88712pt too wide) in paragraph at lines 45--58
\T1/cmr/m/n/12 modo che reagiscono a dei campi magnetici esterni. La molla può 
essere magnetizzata
 []

[15 <./figure/spring.png>]
Overfull \hbox (33.39932pt too wide) in paragraph at lines 66--67
\T1/cmr/m/n/12 collegati ad esso ed avrà delle caratteristiche quali: coordinat
e nella visualizzazione,
 []

[16]
<figure/zooming.png, id=139, 122.859pt x 112.5003pt>
File: figure/zooming.png Graphic file (type png)
<use figure/zooming.png>
Package pdftex.def Info: figure/zooming.png  used on input line 78.
(pdftex.def)             Requested size: 288.79422pt x 264.47699pt.
<figure/panning.png, id=140, 677.53125pt x 473.77pt>
File: figure/panning.png Graphic file (type png)
<use figure/panning.png>
Package pdftex.def Info: figure/panning.png  used on input line 89.
(pdftex.def)             Requested size: 412.56497pt x 288.50047pt.

Overfull \hbox (7.00615pt too wide) in paragraph at lines 75--93
[]\T1/cmr/m/n/12 Per quando concerne l'operazione di \T1/cmr/bx/n/12 select\T1/
cmr/m/n/12 , mediante una interazione è possibile
 []

[17]
<figure/pieToBar.png, id=144, 730.73pt x 425.59pt>
File: figure/pieToBar.png Graphic file (type png)
<use figure/pieToBar.png>
Package pdftex.def Info: figure/pieToBar.png  used on input line 102.
(pdftex.def)             Requested size: 412.56497pt x 240.28345pt.

Overfull \hbox (11.88501pt too wide) in paragraph at lines 94--110
\T1/cmr/m/n/12 definibili di completezza per un sistema. Di grande importanza i
nfatti rappresentano
 []


Overfull \hbox (5.89397pt too wide) in paragraph at lines 94--110
\T1/cmr/m/n/12 operazione è definita come la possibilità mediante una interazio
ne di poter cambiare
 []


Overfull \hbox (1.52141pt too wide) in paragraph at lines 94--110
\T1/cmr/m/n/12 operazioni eseguibili mediante le stesse e per completezza si vu
ol dare la definizione
 []


Underfull \hbox (badness 10000) in paragraph at lines 94--110

 []

[18 <./figure/zooming.png>] [19 <./figure/panning.png>] [20 <./figure/pieToBar.
png>] [21]
<figure/drawIo.png, id=161, 1319.93124pt x 599.23875pt>
File: figure/drawIo.png Graphic file (type png)
<use figure/drawIo.png>
Package pdftex.def Info: figure/drawIo.png  used on input line 124.
(pdftex.def)             Requested size: 330.05322pt x 149.83675pt.
)
Overfull \hbox (2.38643pt too wide) in paragraph at lines 120--112
\T1/cmr/m/n/12 diagrammi di flusso, diagrammi di processo, organigrammi, UML, E
R e diagrammi
 []

[22 <./figure/drawIo.png>] [23] (Capitolo3.tex
<figure/planarita.png, id=169, 614.295pt x 250.9375pt>
File: figure/planarita.png Graphic file (type png)
<use figure/planarita.png>
Package pdftex.def Info: figure/planarita.png  used on input line 5.
(pdftex.def)             Requested size: 412.56497pt x 168.53311pt.
[24

 <./figure/planarita.png>]
<figure/kuratowski.png, id=174, 672.5125pt x 342.27875pt>
File: figure/kuratowski.png Graphic file (type png)
<use figure/kuratowski.png>
Package pdftex.def Info: figure/kuratowski.png  used on input line 16.
(pdftex.def)             Requested size: 371.30595pt x 188.97984pt.

Overfull \hbox (27.49136pt too wide) in paragraph at lines 20--22
\T1/cmr/m/n/12 Mediante questo algoritmo, del costo non lineare a livello di co
mplessità computazionale
 []

[25 <./figure/kuratowski.png>]
<figure/cgraphGenerico.png, id=180, 601.24625pt x 384.43625pt>
File: figure/cgraphGenerico.png Graphic file (type png)
<use figure/cgraphGenerico.png>
Package pdftex.def Info: figure/cgraphGenerico.png  used on input line 30.
(pdftex.def)             Requested size: 371.30595pt x 237.42117pt.
[26 <./figure/cgraphGenerico.png>]
Overfull \hbox (23.14615pt too wide) in paragraph at lines 45--49
\T1/cmr/m/n/12 quanto riguarda il disegno dell'intero grafo clusterizzato $\OML
/cmm/m/it/12 C$\T1/cmr/m/n/12 ( [[]], [[]], [[]]). 
 []


Underfull \hbox (badness 10000) in paragraph at lines 45--49

 []

[27]
Underfull \hbox (badness 10000) in paragraph at lines 51--52

 []

) [28] (Capitolo4.tex [29

] [30]
Overfull \hbox (23.14815pt too wide) in paragraph at lines 27--33
\T1/cmr/m/n/12 Per il conseguimento dell'obiettivo (I) sono state utilizzate le
 strutture dati permettono
 []


Overfull \hbox (10.72327pt too wide) in paragraph at lines 27--33
\T1/cmr/m/n/12 creazione dell'editor di esempio inoltre rientra in tutta quella
 branca dell'informatica
 []


Overfull \hbox (8.89584pt too wide) in paragraph at lines 27--33
\T1/cmr/m/n/12 distinte ma sviluppate quasi in parallelo: analisi, progettazion
e ed implementazione.
 []


Overfull \hbox (2.23909pt too wide) in paragraph at lines 27--33
\T1/cmr/m/n/12 tradizionali, proponendo un approccio meno strutturato e focaliz
zato sull'obiettivo
 []


Underfull \hbox (badness 10000) in paragraph at lines 27--33

 []

[31]) [32] (Capitolo6.tex
Overfull \hbox (5.04134pt too wide) in paragraph at lines 2--3
\T1/cmr/m/n/12 Nel capitolo che segue sarà trattata l'analisi e lo studio delle
 primitive di interazione
 []


Overfull \hbox (12.74641pt too wide) in paragraph at lines 4--11
\T1/cmr/m/n/12 nodi, cluster ed archi, con proprietà diverse a seconda della pr
opria rappresentazione.
 []


Overfull \hbox (18.44177pt too wide) in paragraph at lines 4--11
\T1/cmr/m/n/12 cluster sono rappresentati dall'uso del colore e il raggio. Il p
rimo deve necessariamente
 []

[33

] [34]
<figure/livelli.png, id=211, 851.18pt x 396.48125pt>
File: figure/livelli.png Graphic file (type png)
<use figure/livelli.png>
Package pdftex.def Info: figure/livelli.png  used on input line 19.
(pdftex.def)             Requested size: 371.30595pt x 172.95798pt.

Overfull \hbox (13.55122pt too wide) in paragraph at lines 13--26
\T1/cmr/m/n/12 appartenenza. Ogni volta che viene creato un oggetto utilizzando
 una visualizzazione
 []


Overfull \hbox (1.6518pt too wide) in paragraph at lines 13--26
\T1/cmr/m/n/12 una posizione di equilibrio che porta ad una visualizzazione gra
devole degli oggetti.
 []


Overfull \hbox (8.2738pt too wide) in paragraph at lines 13--26
\T1/cmr/m/n/12 Per concludere le primitive di interazione relative alla creazio
ne della visualizzazione
 []

[35 <./figure/livelli.png>]
Overfull \hbox (23.80609pt too wide) in paragraph at lines 28--29
[]\T1/cmr/m/n/12 non è possibile creare un sotto-cluster senza la presenza di u
n cluster direttamente
 []

[36] [37]
<figure/grafoAlbero.png, id=222, 928.46875pt x 594.22pt>
File: figure/grafoAlbero.png Graphic file (type png)
<use figure/grafoAlbero.png>
Package pdftex.def Info: figure/grafoAlbero.png  used on input line 60.
(pdftex.def)             Requested size: 371.30595pt x 237.63846pt.

Overfull \hbox (11.53394pt too wide) in paragraph at lines 65--66
\T1/cmr/m/n/12 come una coppia $\OML/cmm/m/it/12 < G; T >$ \T1/cmr/m/n/12 è pos
sibile eseguire mediante una interazione l'operazione
 []


Overfull \hbox (53.10454pt too wide) in paragraph at lines 65--66
\T1/cmr/m/n/12 visualizzazione ad albero di un grafo clusterizzato è mostrato n
ella figura Figura 5.2[].Adottare
 []

[38 <./figure/grafoAlbero.png>] [39]) [40] [41] (Capitolo7.tex
Overfull \hbox (36.82379pt too wide) in paragraph at lines 2--3
\T1/cmr/m/n/12 Avendo analizzato nel capitolo precedente le primitive di intera
zione per la visualizzazione
 []


Overfull \hbox (1.12975pt too wide) in paragraph at lines 4--7
\T1/cmr/m/n/12 sarà poi ampiamente utilizzata nel capitolo essendo le due sempl
ificazioni riportate
 []


Underfull \hbox (badness 10000) in paragraph at lines 4--7

 []


Underfull \hbox (badness 10000) in paragraph at lines 4--7

 []

[42

] [43]
<figure/preFlat.png, id=243, 492.84125pt x 358.33875pt>
File: figure/preFlat.png Graphic file (type png)
<use figure/preFlat.png>
Package pdftex.def Info: figure/preFlat.png  used on input line 26.
(pdftex.def)             Requested size: 330.05322pt x 239.98729pt.

Overfull \hbox (11.36038pt too wide) in paragraph at lines 32--36
\T1/cmr/m/n/12 tempo polinomiale $\OML/cmm/m/it/12 O\OT1/cmr/m/n/12 (\OML/cmm/m
/it/12 n\OT1/cmr/m/n/12 )$\T1/cmr/m/n/12 ; $\OML/cmm/m/it/12 S\OT1/cmr/m/n/12 (
\OML/cmm/m/it/12 T\OT1/cmr/m/n/12 )$ \T1/cmr/m/n/12 è definito come la dimensio
ne dell'albero di inclusione
 []

[44 <./figure/preFlat.png>]
Overfull \hbox (7.13039pt too wide) in paragraph at lines 37--38
[]$\OML/cmm/m/it/12 T[]$ \T1/cmr/m/n/12 è ottenuto rimuovendo $\OML/cmm/m/it/12
 []$\T1/cmr/m/n/12 , attaccando i suoi figli $\OML/cmm/m/it/12 v[]; v[]; :::; 
v[]$ \T1/cmr/m/n/12 direttamente
 []

<figure/postFlat.png, id=249, 759.83875pt x 387.4475pt>
File: figure/postFlat.png Graphic file (type png)
<use figure/postFlat.png>
Package pdftex.def Info: figure/postFlat.png  used on input line 41.
(pdftex.def)             Requested size: 412.56497pt x 210.37135pt.
[45 <./figure/postFlat.png>]
<figure/dettaglioCluster.png, id=254, 488.82625pt x 354.32375pt>
File: figure/dettaglioCluster.png Graphic file (type png)
<use figure/dettaglioCluster.png>
Package pdftex.def Info: figure/dettaglioCluster.png  used on input line 50.
(pdftex.def)             Requested size: 412.56497pt x 299.05183pt.
<figure/flatSpring.png, id=255, 555.07375pt x 346.29375pt>
File: figure/flatSpring.png Graphic file (type png)
<use figure/flatSpring.png>
Package pdftex.def Info: figure/flatSpring.png  used on input line 58.
(pdftex.def)             Requested size: 453.82397pt x 283.12782pt.

Overfull \hbox (41.259pt too wide) in paragraph at lines 58--59
 [] 
 []


Overfull \hbox (13.5511pt too wide) in paragraph at lines 47--65
\T1/cmr/m/n/12 visualizzazione. Seguendo i passi visti prima per la costruzione
 del grafo clusterizzato
 []

[46 <./figure/dettaglioCluster.png>] [47 <./figure/flatSpring.png>]
Underfull \hbox (badness 10000) in paragraph at lines 69--70

 []

<figure/composizionePipe.png, id=264, 949.5475pt x 269.005pt>
File: figure/composizionePipe.png Graphic file (type png)
<use figure/composizionePipe.png>
Package pdftex.def Info: figure/composizionePipe.png  used on input line 77.
(pdftex.def)             Requested size: 391.93546pt x 111.0357pt.

Underfull \hbox (badness 10000) in paragraph at lines 74--85

 []

[48 <./figure/composizionePipe.png>] [49]
<figure/flatVsPipe.png, id=272, 915.42pt x 372.39125pt>
File: figure/flatVsPipe.png Graphic file (type png)
<use figure/flatVsPipe.png>
Package pdftex.def Info: figure/flatVsPipe.png  used on input line 97.
(pdftex.def)             Requested size: 412.56497pt x 167.8302pt.
) [50 <./figure/flatVsPipe.png>] (Capitolo8.tex
Overfull \hbox (23.87149pt too wide) in paragraph at lines 7--12
\T1/cmr/m/n/12 JavaScript è un linguaggio di scripting orientato agli oggetti e
 agli eventi, comunemente
 []


Overfull \hbox (2.54834pt too wide) in paragraph at lines 7--12
\T1/cmr/m/n/12 utilizzato nella programmazione Web lato client. Essendo il sist
ema ideato pensato
 []


Overfull \hbox (7.28188pt too wide) in paragraph at lines 7--12
\T1/cmr/m/n/12 Javascript consente un'ottima gestione di questi eventi. Le cara
tteristiche principali
 []


Overfull \hbox (0.28139pt too wide) in paragraph at lines 7--12
\T1/cmr/m/n/12 commenti di documentazione all'interno del codice sorgente prima
 di ogni funzione
 []

[51

] [52]
<figure/dom.png, id=284, 688.5725pt x 364.36125pt>
File: figure/dom.png Graphic file (type png)
<use figure/dom.png>
Package pdftex.def Info: figure/dom.png  used on input line 23.
(pdftex.def)             Requested size: 412.56497pt x 218.31264pt.

Overfull \hbox (29.25754pt too wide) in paragraph at lines 13--27
\T1/cmr/m/n/12 un'interfaccia multi-piattaforma indipendente dal linguaggio uti
lizzato in un documento
 []


Overfull \hbox (14.27806pt too wide) in paragraph at lines 13--27
\T1/cmr/m/n/12 D3 è estremamente veloce, supporta set di dati di grandi dimensi
oni e comportamenti
 []

[53]
<figure/primaIterazione.png, id=288, 820.06375pt x 434.62375pt>
File: figure/primaIterazione.png Graphic file (type png)
<use figure/primaIterazione.png>
Package pdftex.def Info: figure/primaIterazione.png  used on input line 33.
(pdftex.def)             Requested size: 412.56497pt x 218.6576pt.
<figure/secondaIterazione.png, id=289, 1144.275pt x 629.35126pt>
File: figure/secondaIterazione.png Graphic file (type png)
<use figure/secondaIterazione.png>
Package pdftex.def Info: figure/secondaIterazione.png  used on input line 43.
(pdftex.def)             Requested size: 412.56497pt x 226.91199pt.

Overfull \hbox (1.91302pt too wide) in paragraph at lines 28--48
\T1/cmr/m/n/12 ad oggetti utilizzato anche dalla gran parte della letteratura d
el settore informatico
 []

[54 <./figure/dom.png>] [55 <./figure/primaIterazione.png>]
Overfull \hbox (0.36476pt too wide) in paragraph at lines 49--52
\T1/cmr/m/n/12 dello standard ECMAScript 6 quali Map e Set risultando essere un
a scelta migliore
 []


Overfull \hbox (2.97447pt too wide) in paragraph at lines 49--52
\T1/cmr/m/n/12 tutti i valori indicizzati al loro interno. Inoltre risultano es
sere oggetti specializzati:
 []


Overfull \hbox (11.46208pt too wide) in paragraph at lines 49--52
\T1/cmr/m/n/12 nota che entrambi sono oggetti \T1/cmr/m/it/12 iterable \T1/cmr/
m/n/12 quindi facili da iterare e hanno funzionamenti
 []


Overfull \hbox (4.40727pt too wide) in paragraph at lines 49--52
\OML/cmm/m/it/12 G; T >$ \T1/cmr/m/n/12 in cui $\OML/cmm/m/it/12 G$ \T1/cmr/m/n
/12 è l'underlying graph definito dalla coppia $\OML/cmm/m/it/12 < V; E >$ \T1/
cmr/m/n/12 rispettivamente
 []

[56 <./figure/secondaIterazione.png>] [57]
<figure/cgraphClass.png, id=306, 847.165pt x 368.37625pt>
File: figure/cgraphClass.png Graphic file (type png)
<use figure/cgraphClass.png>
Package pdftex.def Info: figure/cgraphClass.png  used on input line 55.
(pdftex.def)             Requested size: 412.56497pt x 179.3986pt.

Overfull \hbox (5.03284pt too wide) in paragraph at lines 64--65
[]\T1/cmr/bx/n/12 id \T1/cmr/m/n/12 un numero, identificativo insieme alla sua 
etichetta ma ancor più personale,
 []

<figure/nodeClass.png, id=307, 710.655pt x 305.14pt>
File: figure/nodeClass.png Graphic file (type png)
<use figure/nodeClass.png>
Package pdftex.def Info: figure/nodeClass.png  used on input line 70.
(pdftex.def)             Requested size: 412.56497pt x 177.14893pt.
[58 <./figure/cgraphClass.png>] [59 <./figure/nodeClass.png>]
<figure/edgeClass.png, id=316, 475.7775pt x 366.36874pt>
File: figure/edgeClass.png Graphic file (type png)
<use figure/edgeClass.png>
Package pdftex.def Info: figure/edgeClass.png  used on input line 79.
(pdftex.def)             Requested size: 412.56497pt x 317.70961pt.
[60 <./figure/edgeClass.png>]
<figure/clusterClass.png, id=321, 734.745pt x 397.485pt>
File: figure/clusterClass.png Graphic file (type png)
<use figure/clusterClass.png>
Package pdftex.def Info: figure/clusterClass.png  used on input line 97.
(pdftex.def)             Requested size: 412.56497pt x 223.1966pt.
<figure/interfaccia.png, id=322, 1355.0625pt x 603.25375pt>
File: figure/interfaccia.png Graphic file (type png)
<use figure/interfaccia.png>
Package pdftex.def Info: figure/interfaccia.png  used on input line 106.
(pdftex.def)             Requested size: 412.56497pt x 183.66534pt.

Overfull \hbox (1.65172pt too wide) in paragraph at lines 103--113
\T1/cmr/m/n/12 vedrà successivamente, rimarrà inalterato anche cambiando l'inte
rfaccia utilizzata.
 []


Overfull \hbox (9.02637pt too wide) in paragraph at lines 103--113
\T1/cmr/m/n/12 eseguire il log-in iniziale oppure un encode della visualizzazio
ne il sistema risponderà
 []


Overfull \hbox (11.71736pt too wide) in paragraph at lines 103--113
\T1/cmr/m/n/12 Generato l'svg principale, sempre durante l'inizializzazione del
 log-in, verrà collegato
 []

[61 <./figure/clusterClass.png>] [62 <./figure/interfaccia.png>]
<figure/viewAlg.png, id=332, 862.22125pt x 416.55624pt>
File: figure/viewAlg.png Graphic file (type png)
<use figure/viewAlg.png>
Package pdftex.def Info: figure/viewAlg.png  used on input line 123.
(pdftex.def)             Requested size: 412.56497pt x 199.31546pt.

Overfull \hbox (25.34177pt too wide) in paragraph at lines 117--127
\T1/cmr/m/n/12 visualizzazioni che non sono funzionali alle trasformazioni ma c
he hanno esclusivamente
 []

[63]
<figure/graphView.png, id=336, 1356.06625pt x 469.755pt>
File: figure/graphView.png Graphic file (type png)
<use figure/graphView.png>
Package pdftex.def Info: figure/graphView.png  used on input line 132.
(pdftex.def)             Requested size: 412.56497pt x 142.91309pt.
[64 <./figure/viewAlg.png>] [65 <./figure/graphView.png>]
<figure/treeView.png, id=345, 1354.05875pt x 594.22pt>
File: figure/treeView.png Graphic file (type png)
<use figure/treeView.png>
Package pdftex.def Info: figure/treeView.png  used on input line 151.
(pdftex.def)             Requested size: 412.56497pt x 181.05096pt.
[66]
<figure/consoleView.png, id=349, 1358.07375pt x 478.78876pt>
File: figure/consoleView.png Graphic file (type png)
<use figure/consoleView.png>
Package pdftex.def Info: figure/consoleView.png  used on input line 161.
(pdftex.def)             Requested size: 412.56497pt x 145.44954pt.
[67 <./figure/treeView.png>] [68 <./figure/consoleView.png>]
<figure/clustersOnly.png, id=359, 1362.08875pt x 531.9875pt>
File: figure/clustersOnly.png Graphic file (type png)
<use figure/clustersOnly.png>
Package pdftex.def Info: figure/clustersOnly.png  used on input line 170.
(pdftex.def)             Requested size: 412.56497pt x 161.13168pt.
<figure/edgesOnly.png, id=360, 1355.0625pt x 596.2275pt>
File: figure/edgesOnly.png Graphic file (type png)
<use figure/edgesOnly.png>
Package pdftex.def Info: figure/edgesOnly.png  used on input line 177.
(pdftex.def)             Requested size: 412.56497pt x 181.52615pt.
) [69 <./figure/clustersOnly.png>] [70 <./figure/edgesOnly.png>] (Capitolo9.tex

Overfull \hbox (13.37521pt too wide) in paragraph at lines 5--6
[]\T1/cmr/bx/n/12 modifica \T1/cmr/m/n/12 di un oggetto, aggiunta di informazio
ni o sostituzione di un attributo; 
 []

<figure/redraw.png, id=369, 900.36375pt x 407.5225pt>
File: figure/redraw.png Graphic file (type png)
<use figure/redraw.png>
Package pdftex.def Info: figure/redraw.png  used on input line 14.
(pdftex.def)             Requested size: 412.56497pt x 186.73508pt.

Overfull \hbox (23.73677pt too wide) in paragraph at lines 11--21
\T1/cmr/m/n/12 Ricordando poi che si sta operando con un modello Node-link con 
una rappresentazione
 []


Overfull \hbox (5.50238pt too wide) in paragraph at lines 11--21
\T1/cmr/m/n/12 fisiche, che controlleranno il movimento e la rappresentazione d
egli oggetti, eseguita
 []

[71

] [72 <./figure/redraw.png>]
<figure/springExample.png, id=377, 569.12625pt x 394.47375pt>
File: figure/springExample.png Graphic file (type png)
<use figure/springExample.png>
Package pdftex.def Info: figure/springExample.png  used on input line 34.
(pdftex.def)             Requested size: 412.56497pt x 285.97108pt.
[73] [74 <./figure/springExample.png>]
<figure/json.png, id=386, 1010.77625pt x 486.81876pt>
File: figure/json.png Graphic file (type png)
<use figure/json.png>
Package pdftex.def Info: figure/json.png  used on input line 52.
(pdftex.def)             Requested size: 412.56497pt x 198.70558pt.
<figure/erroreArco.png, id=387, 1289.81876pt x 511.9125pt>
File: figure/erroreArco.png Graphic file (type png)
<use figure/erroreArco.png>
Package pdftex.def Info: figure/erroreArco.png  used on input line 63.
(pdftex.def)             Requested size: 330.05322pt x 130.9929pt.
<figure/archi.png, id=388, 1102.1175pt x 387.4475pt>
File: figure/archi.png Graphic file (type png)
<use figure/archi.png>
Package pdftex.def Info: figure/archi.png  used on input line 72.
(pdftex.def)             Requested size: 330.05322pt x 116.02821pt.

Overfull \hbox (9.54851pt too wide) in paragraph at lines 49--76
\T1/cmr/m/n/12 risponderà prima aggiornando la struttura dati a cui la visualiz
zazione fa riferimento
 []

[75 <./figure/json.png>] [76] [77 <./figure/erroreArco.png>]
<figure/delete.png, id=400, 1044.90375pt x 432.61626pt>
File: figure/delete.png Graphic file (type png)
<use figure/delete.png>
Package pdftex.def Info: figure/delete.png  used on input line 83.
(pdftex.def)             Requested size: 412.56497pt x 170.81224pt.
<figure/changeRad.png, id=401, 1359.0775pt x 520.94624pt>
File: figure/changeRad.png Graphic file (type png)
<use figure/changeRad.png>
Package pdftex.def Info: figure/changeRad.png  used on input line 91.
(pdftex.def)             Requested size: 330.05322pt x 126.50816pt.
<figure/changePalette.png, id=402, 1351.0475pt x 533.995pt>
File: figure/changePalette.png Graphic file (type png)
<use figure/changePalette.png>
Package pdftex.def Info: figure/changePalette.png  used on input line 100.
(pdftex.def)             Requested size: 330.05322pt x 130.45103pt.
<figure/addText.png, id=403, 1348.03625pt x 536.0025pt>
File: figure/addText.png Graphic file (type png)
<use figure/addText.png>
Package pdftex.def Info: figure/addText.png  used on input line 111.
(pdftex.def)             Requested size: 412.56497pt x 164.04076pt.

Overfull \hbox (3.75793pt too wide) in paragraph at lines 78--117
\T1/cmr/m/it/12 ClusteredGraph \T1/cmr/m/n/12 e deve esser rappresentato. L'ute
nte può cambiare questa tipologia
 []

[78 <./figure/archi.png>] [79 <./figure/delete.png>] [80 <./figure/changeRad.pn
g>] [81 <./figure/changePalette.png>]
<figure/navMessage.png, id=421, 1182.4175pt x 500.87125pt>
File: figure/navMessage.png Graphic file (type png)
<use figure/navMessage.png>
Package pdftex.def Info: figure/navMessage.png  used on input line 123.
(pdftex.def)             Requested size: 412.56497pt x 174.75728pt.
<figure/zoomGraph.png, id=422, 329.0694pt x 132.495pt>
File: figure/zoomGraph.png Graphic file (type png)
<use figure/zoomGraph.png>
Package pdftex.def Info: figure/zoomGraph.png  used on input line 131.
(pdftex.def)             Requested size: 412.56497pt x 166.11566pt.

Overfull \hbox (21.61794pt too wide) in paragraph at lines 118--138
\T1/cmr/m/n/12 Non è però possibile modificare e navigare contemporaneamente in
 quanto risulterebbe
 []

[82 <./figure/addText.png>] [83 <./figure/navMessage.png>]
Underfull \hbox (badness 10000) in paragraph at lines 142--143

 []

[84 <./figure/zoomGraph.png>]
Overfull \hbox (14.93047pt too wide) in paragraph at lines 146--150
\T1/cmr/m/n/12 Definite e chiarite le riduzioni polinomiali nel capitolo 6 si p
assa ora alla realizzazione.
 []


Overfull \hbox (1.02971pt too wide) in paragraph at lines 146--150
\T1/cmr/m/n/12 Per semplicità si è scelto di utilizzare una sola delle due tipo
logie di semplificazioni.
 []

[85]
<figure/flatAlg.png, id=438, 687.56876pt x 456.70625pt>
File: figure/flatAlg.png Graphic file (type png)
<use figure/flatAlg.png>
Package pdftex.def Info: figure/flatAlg.png  used on input line 158.
(pdftex.def)             Requested size: 412.56497pt x 274.0398pt.
<figure/esempioTreeRidotto.png, id=439, 1079.03125pt x 597.23125pt>
File: figure/esempioTreeRidotto.png Graphic file (type png)
<use figure/esempioTreeRidotto.png>
Package pdftex.def Info: figure/esempioTreeRidotto.png  used on input line 169.

(pdftex.def)             Requested size: 412.56497pt x 228.35362pt.

Overfull \hbox (58.80162pt too wide) in paragraph at lines 162--176
\T1/cmr/m/n/12 rispettivamente interni ai cluster creati prima, $\OMS/cmsy/m/n/
12 8$ \T1/cmr/m/n/12 arco $\OML/cmm/m/it/12 e[]$\T1/cmr/m/n/12 , $\OMS/cmsy/m/n
/12 8\OML/cmm/m/it/12 j \OT1/cmr/m/n/12 = 0\OML/cmm/m/it/12 ; :::; n[]:rotation
Scheme:length$
 []


Overfull \hbox (8.3737pt too wide) in paragraph at lines 162--176
\T1/cmr/m/n/12 riduzione saranno visti nel dettaglio nel capitolo successivo in
 cui verranno utilizzate
 []

[86 <./figure/flatAlg.png>] [87 <./figure/esempioTreeRidotto.png>]) [88] (Capit
olo10.tex
<figure/prePostEdit.png, id=452, 1045.9075pt x 378.41376pt>
File: figure/prePostEdit.png Graphic file (type png)
<use figure/prePostEdit.png>
Package pdftex.def Info: figure/prePostEdit.png  used on input line 7.
(pdftex.def)             Requested size: 412.56497pt x 149.2668pt.
[89

 <./figure/prePostEdit.png>] [90]
<figure/views.png, id=460, 867.24pt x 352.31625pt>
File: figure/views.png Graphic file (type png)
<use figure/views.png>
Package pdftex.def Info: figure/views.png  used on input line 17.
(pdftex.def)             Requested size: 412.56497pt x 167.60461pt.
<figure/deleteOrAddText.png, id=461, 926.46124pt x 360.34625pt>
File: figure/deleteOrAddText.png Graphic file (type png)
<use figure/deleteOrAddText.png>
Package pdftex.def Info: figure/deleteOrAddText.png  used on input line 25.
(pdftex.def)             Requested size: 412.56497pt x 160.4663pt.
<figure/saveJson.png, id=462, 1325.95375pt x 558.085pt>
File: figure/saveJson.png Graphic file (type png)
<use figure/saveJson.png>
Package pdftex.def Info: figure/saveJson.png  used on input line 34.
(pdftex.def)             Requested size: 412.56497pt x 173.64323pt.

Overfull \hbox (36.23364pt too wide) in paragraph at lines 21--38
[]\T1/cmr/m/n/12 Nella Figura9.2[] è mostrato il compimento del grafo richiesto
 e della sua visualizzazione
 []


Overfull \hbox (11.76738pt too wide) in paragraph at lines 21--38
\T1/cmr/m/n/12 posizione di equilibrio, esattamente come descritto nel capitolo
 relativo alle primitive
 []


Overfull \hbox (3.80563pt too wide) in paragraph at lines 21--38
\T1/cmr/m/n/12 oggetti non sarà necessario ricreare completamente la struttura 
ma basterà caricare
 []

[91 <./figure/views.png>] [92 <./figure/deleteOrAddText.png>]
<figure/treeAfterFlat.png, id=472, 1357.07pt x 610.28pt>
File: figure/treeAfterFlat.png Graphic file (type png)
<use figure/treeAfterFlat.png>
Package pdftex.def Info: figure/treeAfterFlat.png  used on input line 43.
(pdftex.def)             Requested size: 330.05322pt x 148.42574pt.

Overfull \hbox (18.31528pt too wide) in paragraph at lines 53--54
\T1/cmr/m/n/12 nell'istanza equivalente. Questo è possibile poiché, come visto 
nel capitolo precedente,
 []


Overfull \hbox (7.52528pt too wide) in paragraph at lines 53--54
\T1/cmr/m/n/12 dati relativi all'ultima visualizzazione antecedente la riduzion
e in grafo clusterizzato
 []


Overfull \hbox (5.82854pt too wide) in paragraph at lines 53--54
\T1/cmr/m/n/12 flat rendendo l'interazione relativa all'operazione di semplific
azione binaria On/Off.
 []

[93 <./figure/saveJson.png>]
<figure/graphAfterFlat.png, id=477, 823.075pt x 315.1775pt>
File: figure/graphAfterFlat.png Graphic file (type png)
<use figure/graphAfterFlat.png>
Package pdftex.def Info: figure/graphAfterFlat.png  used on input line 57.
(pdftex.def)             Requested size: 371.30595pt x 142.18443pt.
) [94 <./figure/treeAfterFlat.png> <./figure/graphAfterFlat.png>] (conclusioni.
tex
Overfull \hbox (20.5428pt too wide) in paragraph at lines 4--5
[]\T1/cmr/m/n/12 le primitive di integrazione per i grafi non sono utilizzabili
 per i grafi clusterizzati; 
 []


Overfull \hbox (6.61613pt too wide) in paragraph at lines 8--10
\T1/cmr/m/n/12 C_PLANARITY riportata presenta inoltre un traguardo della ricerc
a che permette
 []

[95


]
Overfull \hbox (16.85774pt too wide) in paragraph at lines 11--14
\T1/cmr/m/n/12 realizzazione del primo software specialistico in grado di lavor
are sui grafi clusterizzati
 []


Overfull \hbox (8.4041pt too wide) in paragraph at lines 21--22
[]\T1/cmr/m/n/12 creazione di nuovi visualizzatori mediante le primitive di int
erazione analizzate
 []


Overfull \hbox (3.57469pt too wide) in paragraph at lines 23--24
[]\T1/cmr/m/n/12 ideare nuove tipologie di visualizzazione da impiegare nel vis
ualizzatori grafici 
 []

) [96] [97] (mainTesi.bbl
bibitemlist
[98

]
Underfull \hbox (badness 3701) in paragraph at lines 38--43
[]\T1/cmr/m/n/12 Giuseppe Di Battista, Walter Didimo, and A. Marcandalli.
 []


Underfull \hbox (badness 1199) in paragraph at lines 61--65
[]\T1/cmr/m/n/12 Martin Fowler.  \T1/cmr/m/it/12 UML distilled. Guida rapida al
 linguaggio di
 []

[99]) [100]
\tf@toc=\write5
\openout5 = `mainTesi.toc'.

\tf@lof=\write6
\openout6 = `mainTesi.lof'.

(mainTesi.aux) ) 
Here is how much of TeX's memory you used:
 18186 strings out of 494857
 337848 string characters out of 3178232
 417214 words of memory out of 3000000
 21420 multiletter control sequences out of 15000+200000
 24916 words of font info for 53 fonts, out of 3000000 for 9000
 0 hyphenation exceptions out of 8191
 60i,12n,60p,1896b,431s stack positions out of 5000i,500n,10000p,200000b,50000s
 </home/Jadis/.miktex/texmfs/data/fonts/pk/ljfour/jknappen/ec/d
pi600/ecbi1200.pk> </home/Jadis/.miktex/texmfs/data/fonts/pk/ljfour/jknappen/ec
/dpi600/ecti1200.pk> </home/Jadis/.miktex/texmfs/data/fonts/pk/ljfour/jknappen/
ec/dpi600/ecbx1200.pk> </home/Jadis/.miktex/texmfs/data/fonts/pk/ljfour/jknappe
n/ec/dpi600/ecbx2074.pk> </home/Jadis/.miktex/texmfs/data/fonts/pk/ljfour/jknap
pen/ec/dpi600/ecbx1440.pk> </home/Jadis/.miktex/texmfs/data/fonts/pk/ljfour/jkn
appen/ec/dpi600/ecbx2488.pk> </home/Jadis/.miktex/texmfs/data/fonts/pk/ljfour/j
knappen/ec/dpi600/ecti1095.pk> </home/Jadis/.miktex/texmfs/data/fonts/pk/ljfour
/jknappen/ec/dpi600/ecrm1200.pk> </home/Jadis/.miktex/texmfs/data/fonts/pk/ljfo
ur/jknappen/ec/dpi600/ecbx1095.pk> </home/Jadis/.miktex/texmfs/data/fonts/pk/lj
four/jknappen/ec/dpi600/ecrm1095.pk> </home/Jadis/.miktex/texmfs/data/fonts/pk/
ljfour/jknappen/ec/dpi600/ecrm2488.pk> </home/Jadis/.miktex/texmfs/data/fonts/p
k/ljfour/jknappen/ec/dpi600/ecrm1728.pk> </home/Jadis/.miktex/texmfs/data/fonts
/pk/ljfour/jknappen/ec/dpi600/ecrm1440.pk></home/Jadis/.miktex/texmfs/install/f
onts/type1/public/amsfonts/cm/cmex10.pfb></home/Jadis/.miktex/texmfs/install/fo
nts/type1/public/amsfonts/cm/cmmi10.pfb></home/Jadis/.miktex/texmfs/install/fon
ts/type1/public/amsfonts/cm/cmmi12.pfb></home/Jadis/.miktex/texmfs/install/font
s/type1/public/amsfonts/cm/cmmi8.pfb></home/Jadis/.miktex/texmfs/install/fonts/
type1/public/amsfonts/cm/cmr12.pfb></home/Jadis/.miktex/texmfs/install/fonts/ty
pe1/public/amsfonts/cm/cmr8.pfb></home/Jadis/.miktex/texmfs/install/fonts/type1
/public/amsfonts/cm/cmsy10.pfb></home/Jadis/.miktex/texmfs/install/fonts/type1/
public/amsfonts/cm/cmsy8.pfb>
Output written on mainTesi.pdf (111 pages, 2646749 bytes).
PDF statistics:
 1111 PDF objects out of 1200 (max. 8388607)
 0 named destinations out of 1000 (max. 500000)
 298 words of extra memory for PDF output out of 10000 (max. 10000000)

