This is pdfTeX, Version 3.14159265-2.6-1.40.20 (MiKTeX 2.9.7050) (preloaded format=pdflatex 2019.9.23)  26 SEP 2019 16:52
entering extended mode
**./ringraziamenti.tex
(ringraziamenti.tex
LaTeX2e <2018-12-01>

! LaTeX Error: Missing \begin{document}.

See the LaTeX manual or LaTeX Companion for explanation.
Type  H <return>  for immediate help.
 ...                                              
                                                  
l.2 ... lacus sed viverra. Sed ac ultricies diam.}
                                                  
You're in trouble here.  Try typing  <return>  to proceed.
If that doesn't work, type  X <return>  to quit.


Overfull \hbox (30.24437pt too wide) in paragraph at lines 2--3
[]\OT1/cmr/m/it/10 Ai
 []


Overfull \hbox (18.911pt too wide) in paragraph at lines 2--3
\OT1/cmr/m/it/10 miei
 []


Overfull \hbox (36.67197pt too wide) in paragraph at lines 2--3
\OT1/cmr/m/it/10 genitori,
 []


Overfull \hbox (4.59996pt too wide) in paragraph at lines 2--3
\OT1/cmr/m/it/10 e
 []


Overfull \hbox (5.11108pt too wide) in paragraph at lines 2--3
\OT1/cmr/m/it/10 a
 []


Overfull \hbox (18.39986pt too wide) in paragraph at lines 2--3
\OT1/cmr/m/it/10 tutti
 []


Overfull \hbox (25.68314pt too wide) in paragraph at lines 2--3
\OT1/cmr/m/it/10 coloro
 []


Overfull \hbox (14.311pt too wide) in paragraph at lines 2--3
\OT1/cmr/m/it/10 che
 []


Overfull \hbox (26.57764pt too wide) in paragraph at lines 2--3
\OT1/cmr/m/it/10 hanno
 []


Overfull \hbox (31.3053pt too wide) in paragraph at lines 2--3
\OT1/cmr/m/it/10 creduto
 []


Overfull \hbox (8.68884pt too wide) in paragraph at lines 2--3
\OT1/cmr/m/it/10 in
 []


Overfull \hbox (29.13316pt too wide) in paragraph at lines 2--3
\OT1/cmr/m/it/10 me,ma
 []


Overfull \hbox (46.8941pt too wide) in paragraph at lines 2--3
\OT1/cmr/m/it/10 soprattutto
 []


Overfull \hbox (7.43329pt too wide) in paragraph at lines 2--3
\OT1/cmr/m/it/10 A
 []


Overfull \hbox (18.81656pt too wide) in paragraph at lines 2--3
\OT1/cmr/m/it/10 ME.
 []


Overfull \hbox (27.35533pt too wide) in paragraph at lines 2--3
\OT1/cmr/m/it/10 Lorem
 []


Overfull \hbox (25.81097pt too wide) in paragraph at lines 2--3
\OT1/cmr/m/it/10 ipsum
 []


Overfull \hbox (22.10542pt too wide) in paragraph at lines 2--3
\OT1/cmr/m/it/10 dolor
 []


Overfull \hbox (10.4777pt too wide) in paragraph at lines 2--3
\OT1/cmr/m/it/10 sit
 []


Overfull \hbox (24.27762pt too wide) in paragraph at lines 2--3
\OT1/cmr/m/it/10 amet,
 []


Overfull \hbox (48.42738pt too wide) in paragraph at lines 2--3
\OT1/cmr/m/it/10 consectetur
 []


Overfull \hbox (43.44418pt too wide) in paragraph at lines 2--3
\OT1/cmr/m/it/10 adipiscing
 []


Overfull \hbox (16.611pt too wide) in paragraph at lines 2--3
\OT1/cmr/m/it/10 elit.
 []


Overfull \hbox (25.96094pt too wide) in paragraph at lines 2--3
\OT1/cmr/m/it/10 Morbi
 []


Overfull \hbox (35.52199pt too wide) in paragraph at lines 2--3
\OT1/cmr/m/it/10 molestie
 []


Overfull \hbox (30.28311pt too wide) in paragraph at lines 2--3
\OT1/cmr/m/it/10 semper
 []


Overfull \hbox (20.95543pt too wide) in paragraph at lines 2--3
\OT1/cmr/m/it/10 justo
 []


Overfull \hbox (16.61095pt too wide) in paragraph at lines 2--3
\OT1/cmr/m/it/10 eget
 []


Overfull \hbox (28.36649pt too wide) in paragraph at lines 2--3
\OT1/cmr/m/it/10 luctus.
 []


Overfull \hbox (30.81648pt too wide) in paragraph at lines 2--3
\OT1/cmr/m/it/10 Mauris
 []


Overfull \hbox (39.35529pt too wide) in paragraph at lines 2--3
\OT1/cmr/m/it/10 vulputate
 []


Overfull \hbox (30.02756pt too wide) in paragraph at lines 2--3
\OT1/cmr/m/it/10 tempor
 []


Overfull \hbox (15.84436pt too wide) in paragraph at lines 2--3
\OT1/cmr/m/it/10 nisi
 []


Overfull \hbox (10.4777pt too wide) in paragraph at lines 2--3
\OT1/cmr/m/it/10 sit
 []


Overfull \hbox (21.21097pt too wide) in paragraph at lines 2--3
\OT1/cmr/m/it/10 amet
 []


Overfull \hbox (37.0553pt too wide) in paragraph at lines 2--3
\OT1/cmr/m/it/10 volutpat.
 []


Overfull \hbox (30.3053pt too wide) in paragraph at lines 2--3
\OT1/cmr/m/it/10 Integer
 []


Overfull \hbox (9.71104pt too wide) in paragraph at lines 2--3
\OT1/cmr/m/it/10 ac
 []


Overfull \hbox (28.3665pt too wide) in paragraph at lines 2--3
\OT1/cmr/m/it/10 finibus
 []


Overfull \hbox (27.08868pt too wide) in paragraph at lines 2--3
\OT1/cmr/m/it/10 lectus.
 []


Overfull \hbox (10.75548pt too wide) in paragraph at lines 2--3
\OT1/cmr/m/it/10 Ut
 []


Overfull \hbox (8.17773pt too wide) in paragraph at lines 2--3
\OT1/cmr/m/it/10 id
 []


Overfull \hbox (23.25542pt too wide) in paragraph at lines 2--3
\OT1/cmr/m/it/10 quam
 []


Overfull \hbox (42.4219pt too wide) in paragraph at lines 2--3
\OT1/cmr/m/it/10 hendrerit,
 []


Overfull \hbox (30.28311pt too wide) in paragraph at lines 2--3
\OT1/cmr/m/it/10 semper
 []


Overfull \hbox (21.21098pt too wide) in paragraph at lines 2--3
\OT1/cmr/m/it/10 nunc
 []


Overfull \hbox (20.18877pt too wide) in paragraph at lines 2--3
\OT1/cmr/m/it/10 quis,
 []


Overfull \hbox (29.13316pt too wide) in paragraph at lines 2--3
\OT1/cmr/m/it/10 lacinia
 []


Overfull \hbox (30.66649pt too wide) in paragraph at lines 2--3
\OT1/cmr/m/it/10 sapien.
 []


Overfull \hbox (37.83305pt too wide) in paragraph at lines 2--3
\OT1/cmr/m/it/10 Praesent
 []


Overfull \hbox (9.71104pt too wide) in paragraph at lines 2--3
\OT1/cmr/m/it/10 ac
 []


Overfull \hbox (21.46655pt too wide) in paragraph at lines 2--3
\OT1/cmr/m/it/10 diam
 []


Overfull \hbox (28.23871pt too wide) in paragraph at lines 2--3
\OT1/cmr/m/it/10 turpis.
 []


Overfull \hbox (41.67747pt too wide) in paragraph at lines 2--3
\OT1/cmr/m/it/10 Maecenas
 []


Overfull \hbox (25.29984pt too wide) in paragraph at lines 2--3
\OT1/cmr/m/it/10 luctus
 []


Overfull \hbox (22.10542pt too wide) in paragraph at lines 2--3
\OT1/cmr/m/it/10 dolor
 []


Overfull \hbox (8.43327pt too wide) in paragraph at lines 2--3
\OT1/cmr/m/it/10 at
 []


Overfull \hbox (33.60529pt too wide) in paragraph at lines 2--3
\OT1/cmr/m/it/10 placerat
 []


Overfull \hbox (61.33295pt too wide) in paragraph at lines 2--3
\OT1/cmr/m/it/10 condimentum.
 []


Overfull \hbox (26.46095pt too wide) in paragraph at lines 2--3
\OT1/cmr/m/it/10 Etiam
 []


Overfull \hbox (22.36095pt too wide) in paragraph at lines 2--3
\OT1/cmr/m/it/10 porta
 []


Overfull \hbox (22.10542pt too wide) in paragraph at lines 2--3
\OT1/cmr/m/it/10 dolor
 []


Overfull \hbox (24.02208pt too wide) in paragraph at lines 2--3
\OT1/cmr/m/it/10 justo,
 []


Overfull \hbox (8.43327pt too wide) in paragraph at lines 2--3
\OT1/cmr/m/it/10 at
 []


Overfull \hbox (35.0109pt too wide) in paragraph at lines 2--3
\OT1/cmr/m/it/10 euismod
 []


Overfull \hbox (16.73874pt too wide) in paragraph at lines 2--3
\OT1/cmr/m/it/10 erat
 []


Overfull \hbox (47.14969pt too wide) in paragraph at lines 2--3
\OT1/cmr/m/it/10 fermentum
 []


Overfull \hbox (14.82211pt too wide) in paragraph at lines 2--3
\OT1/cmr/m/it/10 vel.
 []


Overfull \hbox (53.80518pt too wide) in paragraph at lines 2--3
\OT1/cmr/m/it/10 Pellentesque
 []


Overfull \hbox (15.84436pt too wide) in paragraph at lines 2--3
\OT1/cmr/m/it/10 nisi
 []


Overfull \hbox (31.6887pt too wide) in paragraph at lines 2--3
\OT1/cmr/m/it/10 magna,
 []


Overfull \hbox (35.64978pt too wide) in paragraph at lines 2--3
\OT1/cmr/m/it/10 pulvinar
 []


Overfull \hbox (5.11108pt too wide) in paragraph at lines 2--3
\OT1/cmr/m/it/10 a
 []


Overfull \hbox (40.88866pt too wide) in paragraph at lines 2--3
\OT1/cmr/m/it/10 dignissim
 []


Overfull \hbox (23.7665pt too wide) in paragraph at lines 2--3
\OT1/cmr/m/it/10 vitae,
 []


Overfull \hbox (33.98865pt too wide) in paragraph at lines 2--3
\OT1/cmr/m/it/10 volutpat
 []


Overfull \hbox (8.17773pt too wide) in paragraph at lines 2--3
\OT1/cmr/m/it/10 id
 []


Overfull \hbox (18.3999pt too wide) in paragraph at lines 2--3
\OT1/cmr/m/it/10 nisl.
 []


Overfull \hbox (31.96643pt too wide) in paragraph at lines 2--3
\OT1/cmr/m/it/10 Aenean
 []


Overfull \hbox (30.15536pt too wide) in paragraph at lines 2--3
\OT1/cmr/m/it/10 sodales
 []


Overfull \hbox (35.01088pt too wide) in paragraph at lines 2--3
\OT1/cmr/m/it/10 vehicula
 []


Overfull \hbox (27.21648pt too wide) in paragraph at lines 2--3
\OT1/cmr/m/it/10 lorem,
 []


Overfull \hbox (8.43327pt too wide) in paragraph at lines 2--3
\OT1/cmr/m/it/10 at
 []


Overfull \hbox (39.09975pt too wide) in paragraph at lines 2--3
\OT1/cmr/m/it/10 tincidunt
 []


Overfull \hbox (22.99985pt too wide) in paragraph at lines 2--3
\OT1/cmr/m/it/10 tellus
 []


Overfull \hbox (39.35529pt too wide) in paragraph at lines 2--3
\OT1/cmr/m/it/10 vulputate
 []


Overfull \hbox (16.35544pt too wide) in paragraph at lines 2--3
\OT1/cmr/m/it/10 sed.
 []


Overfull \hbox (10.75548pt too wide) in paragraph at lines 2--3
\OT1/cmr/m/it/10 Ut
 []


Overfull \hbox (8.43327pt too wide) in paragraph at lines 2--3
\OT1/cmr/m/it/10 at
 []


Overfull \hbox (29.89975pt too wide) in paragraph at lines 2--3
\OT1/cmr/m/it/10 viverra
 []


Overfull \hbox (19.80539pt too wide) in paragraph at lines 2--3
\OT1/cmr/m/it/10 erat.
 []


Overfull \hbox (10.75548pt too wide) in paragraph at lines 2--3
\OT1/cmr/m/it/10 Ut
 []


Overfull \hbox (20.31654pt too wide) in paragraph at lines 2--3
\OT1/cmr/m/it/10 urna
 []


Overfull \hbox (14.31104pt too wide) in paragraph at lines 2--3
\OT1/cmr/m/it/10 mi,
 []


Overfull \hbox (28.4942pt too wide) in paragraph at lines 2--3
\OT1/cmr/m/it/10 laoreet
 []


Overfull \hbox (10.4777pt too wide) in paragraph at lines 2--3
\OT1/cmr/m/it/10 sit
 []


Overfull \hbox (21.21097pt too wide) in paragraph at lines 2--3
\OT1/cmr/m/it/10 amet
 []


Overfull \hbox (24.14983pt too wide) in paragraph at lines 2--3
\OT1/cmr/m/it/10 lorem
 []


Overfull \hbox (13.03325pt too wide) in paragraph at lines 2--3
\OT1/cmr/m/it/10 eu,
 []


Overfull \hbox (29.64426pt too wide) in paragraph at lines 2--3
\OT1/cmr/m/it/10 dictum
 []


Overfull \hbox (39.35529pt too wide) in paragraph at lines 2--3
\OT1/cmr/m/it/10 vulputate
 []


Overfull \hbox (18.91101pt too wide) in paragraph at lines 2--3
\OT1/cmr/m/it/10 nisi.
 []


Overfull \hbox (50.85524pt too wide) in paragraph at lines 2--3
\OT1/cmr/m/it/10 Suspendisse
 []


Overfull \hbox (38.62758pt too wide) in paragraph at lines 2--3
\OT1/cmr/m/it/10 maximus
 []


Overfull \hbox (28.4942pt too wide) in paragraph at lines 2--3
\OT1/cmr/m/it/10 laoreet
 []


Overfull \hbox (21.72209pt too wide) in paragraph at lines 2--3
\OT1/cmr/m/it/10 lacus
 []


Overfull \hbox (13.28879pt too wide) in paragraph at lines 2--3
\OT1/cmr/m/it/10 sed
 []


Overfull \hbox (32.9664pt too wide) in paragraph at lines 2--3
\OT1/cmr/m/it/10 viverra.
 []


Overfull \hbox (14.82211pt too wide) in paragraph at lines 2--3
\OT1/cmr/m/it/10 Sed
 []


Overfull \hbox (9.71104pt too wide) in paragraph at lines 2--3
\OT1/cmr/m/it/10 ac
 []


Overfull \hbox (34.88309pt too wide) in paragraph at lines 2--3
\OT1/cmr/m/it/10 ultricies
 []


Overfull \hbox (24.5332pt too wide) in paragraph at lines 2--3
\OT1/cmr/m/it/10 diam. 
 []


! LaTeX Error: Missing \begin{document}.

See the LaTeX manual or LaTeX Companion for explanation.
Type  H <return>  for immediate help.
 ...                                              
                                                  
l.4 ...teger hendrerit eros quis dictum accumsan.}
                                                  
You're in trouble here.  Try typing  <return>  to proceed.
If that doesn't work, type  X <return>  to quit.


Overfull \hbox (57.83305pt too wide) in paragraph at lines 4--5
[]\OT1/cmr/m/it/10 Praesent
 []


Overfull \hbox (33.60529pt too wide) in paragraph at lines 4--5
\OT1/cmr/m/it/10 placerat
 []


Overfull \hbox (11.75546pt too wide) in paragraph at lines 4--5
\OT1/cmr/m/it/10 vel
 []


Overfull \hbox (15.33325pt too wide) in paragraph at lines 4--5
\OT1/cmr/m/it/10 nisl
 []


Overfull \hbox (29.13313pt too wide) in paragraph at lines 4--5
\OT1/cmr/m/it/10 feugiat
 []


Overfull \hbox (42.0386pt too wide) in paragraph at lines 4--5
\OT1/cmr/m/it/10 interdum.
 []


Overfull \hbox (23.5332pt too wide) in paragraph at lines 4--5
\OT1/cmr/m/it/10 Nulla
 []


Overfull \hbox (31.6887pt too wide) in paragraph at lines 4--5
\OT1/cmr/m/it/10 facilisi.
 []


Overfull \hbox (23.90536pt too wide) in paragraph at lines 4--5
\OT1/cmr/m/it/10 Fusce
 []


Overfull \hbox (33.98865pt too wide) in paragraph at lines 4--5
\OT1/cmr/m/it/10 efficitur
 []


Overfull \hbox (23.25542pt too wide) in paragraph at lines 4--5
\OT1/cmr/m/it/10 quam
 []


Overfull \hbox (12.30548pt too wide) in paragraph at lines 4--5
\OT1/cmr/m/it/10 ex.
 []


Overfull \hbox (20.7221pt too wide) in paragraph at lines 4--5
\OT1/cmr/m/it/10 Nam
 []


Overfull \hbox (18.78319pt too wide) in paragraph at lines 4--5
\OT1/cmr/m/it/10 arcu
 []


Overfull \hbox (28.23871pt too wide) in paragraph at lines 4--5
\OT1/cmr/m/it/10 turpis,
 []


Overfull \hbox (32.7109pt too wide) in paragraph at lines 4--5
\OT1/cmr/m/it/10 suscipit
 []


Overfull \hbox (20.69984pt too wide) in paragraph at lines 4--5
\OT1/cmr/m/it/10 vitae
 []


Overfull \hbox (18.39989pt too wide) in paragraph at lines 4--5
\OT1/cmr/m/it/10 nibh
 []


Overfull \hbox (8.17773pt too wide) in paragraph at lines 4--5
\OT1/cmr/m/it/10 a,
 []


Overfull \hbox (29.13313pt too wide) in paragraph at lines 4--5
\OT1/cmr/m/it/10 feugiat
 []


Overfull \hbox (45.74414pt too wide) in paragraph at lines 4--5
\OT1/cmr/m/it/10 vestibulum
 []


Overfull \hbox (14.82211pt too wide) in paragraph at lines 4--5
\OT1/cmr/m/it/10 leo.
 []


Overfull \hbox (24.28873pt too wide) in paragraph at lines 4--5
\OT1/cmr/m/it/10 Proin
 []


Overfull \hbox (32.7109pt too wide) in paragraph at lines 4--5
\OT1/cmr/m/it/10 suscipit
 []


Overfull \hbox (51.11075pt too wide) in paragraph at lines 4--5
\OT1/cmr/m/it/10 ullamcorper
 []


Overfull \hbox (25.2998pt too wide) in paragraph at lines 4--5
\OT1/cmr/m/it/10 tortor
 []


Overfull \hbox (33.60529pt too wide) in paragraph at lines 4--5
\OT1/cmr/m/it/10 placerat
 []


Overfull \hbox (37.0553pt too wide) in paragraph at lines 4--5
\OT1/cmr/m/it/10 efficitur.
 []


Overfull \hbox (37.84422pt too wide) in paragraph at lines 4--5
\OT1/cmr/m/it/10 Vivamus
 []


Overfull \hbox (45.23308pt too wide) in paragraph at lines 4--5
\OT1/cmr/m/it/10 malesuada
 []


Overfull \hbox (24.14986pt too wide) in paragraph at lines 4--5
\OT1/cmr/m/it/10 purus
 []


Overfull \hbox (16.61095pt too wide) in paragraph at lines 4--5
\OT1/cmr/m/it/10 eget
 []


Overfull \hbox (25.29984pt too wide) in paragraph at lines 4--5
\OT1/cmr/m/it/10 luctus
 []


Overfull \hbox (40.37752pt too wide) in paragraph at lines 4--5
\OT1/cmr/m/it/10 convallis.
 []


Overfull \hbox (20.0721pt too wide) in paragraph at lines 4--5
\OT1/cmr/m/it/10 Duis
 []


Overfull \hbox (14.31099pt too wide) in paragraph at lines 4--5
\OT1/cmr/m/it/10 nec
 []


Overfull \hbox (27.72758pt too wide) in paragraph at lines 4--5
\OT1/cmr/m/it/10 auctor
 []


Overfull \hbox (28.36646pt too wide) in paragraph at lines 4--5
\OT1/cmr/m/it/10 tortor.
 []


Overfull \hbox (30.3053pt too wide) in paragraph at lines 4--5
\OT1/cmr/m/it/10 Integer
 []


Overfull \hbox (8.43327pt too wide) in paragraph at lines 4--5
\OT1/cmr/m/it/10 at
 []


Overfull \hbox (28.62206pt too wide) in paragraph at lines 4--5
\OT1/cmr/m/it/10 magna
 []


Overfull \hbox (16.61102pt too wide) in paragraph at lines 4--5
\OT1/cmr/m/it/10 dui.
 []


Overfull \hbox (26.97202pt too wide) in paragraph at lines 4--5
\OT1/cmr/m/it/10 Donec
 []


Overfull \hbox (35.01088pt too wide) in paragraph at lines 4--5
\OT1/cmr/m/it/10 vehicula
 []


Overfull \hbox (16.61095pt too wide) in paragraph at lines 4--5
\OT1/cmr/m/it/10 eget
 []


Overfull \hbox (24.27759pt too wide) in paragraph at lines 4--5
\OT1/cmr/m/it/10 neque
 []


Overfull \hbox (5.11108pt too wide) in paragraph at lines 4--5
\OT1/cmr/m/it/10 a
 []


Overfull \hbox (45.23305pt too wide) in paragraph at lines 4--5
\OT1/cmr/m/it/10 accumsan.
 []


Overfull \hbox (41.67747pt too wide) in paragraph at lines 4--5
\OT1/cmr/m/it/10 Maecenas
 []


Overfull \hbox (28.62206pt too wide) in paragraph at lines 4--5
\OT1/cmr/m/it/10 magna
 []


Overfull \hbox (14.31104pt too wide) in paragraph at lines 4--5
\OT1/cmr/m/it/10 mi,
 []


Overfull \hbox (40.2497pt too wide) in paragraph at lines 4--5
\OT1/cmr/m/it/10 imperdiet
 []


Overfull \hbox (14.31099pt too wide) in paragraph at lines 4--5
\OT1/cmr/m/it/10 nec
 []


Overfull \hbox (40.37752pt too wide) in paragraph at lines 4--5
\OT1/cmr/m/it/10 commodo
 []


Overfull \hbox (19.6776pt too wide) in paragraph at lines 4--5
\OT1/cmr/m/it/10 eget,
 []


Overfull \hbox (30.15536pt too wide) in paragraph at lines 4--5
\OT1/cmr/m/it/10 sodales
 []


Overfull \hbox (14.31099pt too wide) in paragraph at lines 4--5
\OT1/cmr/m/it/10 nec
 []


Overfull \hbox (26.32207pt too wide) in paragraph at lines 4--5
\OT1/cmr/m/it/10 quam.
 []


Overfull \hbox (9.47772pt too wide) in paragraph at lines 4--5
\OT1/cmr/m/it/10 In
 []


Overfull \hbox (11.75546pt too wide) in paragraph at lines 4--5
\OT1/cmr/m/it/10 vel
 []


Overfull \hbox (28.36646pt too wide) in paragraph at lines 4--5
\OT1/cmr/m/it/10 ornare
 []


Overfull \hbox (21.84984pt too wide) in paragraph at lines 4--5
\OT1/cmr/m/it/10 arcu.
 []


Overfull \hbox (26.97202pt too wide) in paragraph at lines 4--5
\OT1/cmr/m/it/10 Donec
 []


Overfull \hbox (16.35547pt too wide) in paragraph at lines 4--5
\OT1/cmr/m/it/10 non
 []


Overfull \hbox (33.98865pt too wide) in paragraph at lines 4--5
\OT1/cmr/m/it/10 volutpat
 []


Overfull \hbox (27.34424pt too wide) in paragraph at lines 4--5
\OT1/cmr/m/it/10 neque,
 []


Overfull \hbox (17.12212pt too wide) in paragraph at lines 4--5
\OT1/cmr/m/it/10 quis
 []


Overfull \hbox (38.62758pt too wide) in paragraph at lines 4--5
\OT1/cmr/m/it/10 maximus
 []


Overfull \hbox (23.8943pt too wide) in paragraph at lines 4--5
\OT1/cmr/m/it/10 risus.
 []


Overfull \hbox (39.76083pt too wide) in paragraph at lines 4--5
\OT1/cmr/m/it/10 Interdum
 []


Overfull \hbox (7.92215pt too wide) in paragraph at lines 4--5
\OT1/cmr/m/it/10 et
 []


Overfull \hbox (45.23308pt too wide) in paragraph at lines 4--5
\OT1/cmr/m/it/10 malesuada
 []


Overfull \hbox (25.0443pt too wide) in paragraph at lines 4--5
\OT1/cmr/m/it/10 fames
 []


Overfull \hbox (9.71104pt too wide) in paragraph at lines 4--5
\OT1/cmr/m/it/10 ac
 []


Overfull \hbox (18.65543pt too wide) in paragraph at lines 4--5
\OT1/cmr/m/it/10 ante
 []


Overfull \hbox (25.81097pt too wide) in paragraph at lines 4--5
\OT1/cmr/m/it/10 ipsum
 []


Overfull \hbox (27.72762pt too wide) in paragraph at lines 4--5
\OT1/cmr/m/it/10 primis
 []


Overfull \hbox (8.68884pt too wide) in paragraph at lines 4--5
\OT1/cmr/m/it/10 in
 []


Overfull \hbox (38.3331pt too wide) in paragraph at lines 4--5
\OT1/cmr/m/it/10 faucibus.
 []


Overfull \hbox (30.81648pt too wide) in paragraph at lines 4--5
\OT1/cmr/m/it/10 Mauris
 []


Overfull \hbox (18.78319pt too wide) in paragraph at lines 4--5
\OT1/cmr/m/it/10 arcu
 []


Overfull \hbox (26.19423pt too wide) in paragraph at lines 4--5
\OT1/cmr/m/it/10 libero,
 []


Overfull \hbox (45.23308pt too wide) in paragraph at lines 4--5
\OT1/cmr/m/it/10 malesuada
 []


Overfull \hbox (11.75546pt too wide) in paragraph at lines 4--5
\OT1/cmr/m/it/10 vel
 []


Overfull \hbox (18.78319pt too wide) in paragraph at lines 4--5
\OT1/cmr/m/it/10 arcu
 []


Overfull \hbox (11.24438pt too wide) in paragraph at lines 4--5
\OT1/cmr/m/it/10 id,
 []


Overfull \hbox (27.8554pt too wide) in paragraph at lines 4--5
\OT1/cmr/m/it/10 iaculis
 []


Overfull \hbox (33.98865pt too wide) in paragraph at lines 4--5
\OT1/cmr/m/it/10 volutpat
 []


Overfull \hbox (24.02208pt too wide) in paragraph at lines 4--5
\OT1/cmr/m/it/10 justo.
 []


Overfull \hbox (30.3053pt too wide) in paragraph at lines 4--5
\OT1/cmr/m/it/10 Integer
 []


Overfull \hbox (39.35526pt too wide) in paragraph at lines 4--5
\OT1/cmr/m/it/10 hendrerit
 []


Overfull \hbox (17.50542pt too wide) in paragraph at lines 4--5
\OT1/cmr/m/it/10 eros
 []


Overfull \hbox (17.12212pt too wide) in paragraph at lines 4--5
\OT1/cmr/m/it/10 quis
 []


Overfull \hbox (29.64426pt too wide) in paragraph at lines 4--5
\OT1/cmr/m/it/10 dictum
 []


Overfull \hbox (45.23305pt too wide) in paragraph at lines 4--5
\OT1/cmr/m/it/10 accumsan. 
 []


Underfull \vbox (badness 1286) has occurred while \output is active []


! LaTeX Error: The font size command \normalsize is not defined:
               there is probably something wrong with the class file.

See the LaTeX manual or LaTeX Companion for explanation.
Type  H <return>  for immediate help.
 ...                                              
                                                  
l.5 
    
Your command was ignored.
Type  I <command> <return>  to replace it with another command,
or  <return>  to continue without it.

[1{/home/Jadis/.miktex/texmfs/data/pdftex/config/pdftex.map}]

! LaTeX Error: Missing \begin{document}.

See the LaTeX manual or LaTeX Companion for explanation.
Type  H <return>  for immediate help.
 ...                                              
                                                  
l.6 ... nulla faucibus fringilla vitae quis quam.}
                                                  
You're in trouble here.  Try typing  <return>  to proceed.
If that doesn't work, type  X <return>  to quit.


Overfull \hbox (57.84422pt too wide) in paragraph at lines 6--7
[]\OT1/cmr/m/it/10 Vivamus
 []


Overfull \hbox (40.63306pt too wide) in paragraph at lines 6--7
\OT1/cmr/m/it/10 venenatis
 []


Overfull \hbox (25.81097pt too wide) in paragraph at lines 6--7
\OT1/cmr/m/it/10 ipsum
 []


Overfull \hbox (23.3832pt too wide) in paragraph at lines 6--7
\OT1/cmr/m/it/10 urna,
 []


Overfull \hbox (7.92215pt too wide) in paragraph at lines 6--7
\OT1/cmr/m/it/10 et
 []


Overfull \hbox (31.30531pt too wide) in paragraph at lines 6--7
\OT1/cmr/m/it/10 ultrices
 []


Overfull \hbox (24.02203pt too wide) in paragraph at lines 6--7
\OT1/cmr/m/it/10 lectus
 []


Overfull \hbox (48.04416pt too wide) in paragraph at lines 6--7
\OT1/cmr/m/it/10 sollicitudin
 []


Overfull \hbox (42.42194pt too wide) in paragraph at lines 6--7
\OT1/cmr/m/it/10 vulputate.
 []


Overfull \hbox (24.28873pt too wide) in paragraph at lines 6--7
\OT1/cmr/m/it/10 Proin
 []


Overfull \hbox (32.71092pt too wide) in paragraph at lines 6--7
\OT1/cmr/m/it/10 facilisis
 []


Overfull \hbox (30.0276pt too wide) in paragraph at lines 6--7
\OT1/cmr/m/it/10 mauris
 []


Overfull \hbox (14.31099pt too wide) in paragraph at lines 6--7
\OT1/cmr/m/it/10 nec
 []


Overfull \hbox (38.97195pt too wide) in paragraph at lines 6--7
\OT1/cmr/m/it/10 interdum
 []


Overfull \hbox (50.08856pt too wide) in paragraph at lines 6--7
\OT1/cmr/m/it/10 elementum.
 []


Overfull \hbox (40.77199pt too wide) in paragraph at lines 6--7
\OT1/cmr/m/it/10 Phasellus
 []


Overfull \hbox (9.9666pt too wide) in paragraph at lines 6--7
\OT1/cmr/m/it/10 eu
 []


Overfull \hbox (42.1664pt too wide) in paragraph at lines 6--7
\OT1/cmr/m/it/10 accumsan
 []


Overfull \hbox (19.80539pt too wide) in paragraph at lines 6--7
\OT1/cmr/m/it/10 erat,
 []


Overfull \hbox (9.71104pt too wide) in paragraph at lines 6--7
\OT1/cmr/m/it/10 ac
 []


Overfull \hbox (33.60529pt too wide) in paragraph at lines 6--7
\OT1/cmr/m/it/10 placerat
 []


Overfull \hbox (16.61102pt too wide) in paragraph at lines 6--7
\OT1/cmr/m/it/10 dui.
 []


Overfull \hbox (14.82211pt too wide) in paragraph at lines 6--7
\OT1/cmr/m/it/10 Sed
 []


Overfull \hbox (14.31099pt too wide) in paragraph at lines 6--7
\OT1/cmr/m/it/10 nec
 []


Overfull \hbox (29.13313pt too wide) in paragraph at lines 6--7
\OT1/cmr/m/it/10 feugiat
 []


Overfull \hbox (29.64429pt too wide) in paragraph at lines 6--7
\OT1/cmr/m/it/10 massa.
 []


Overfull \hbox (22.99986pt too wide) in paragraph at lines 6--7
\OT1/cmr/m/it/10 Class
 []


Overfull \hbox (27.0887pt too wide) in paragraph at lines 6--7
\OT1/cmr/m/it/10 aptent
 []


Overfull \hbox (22.48872pt too wide) in paragraph at lines 6--7
\OT1/cmr/m/it/10 taciti
 []


Overfull \hbox (35.52199pt too wide) in paragraph at lines 6--7
\OT1/cmr/m/it/10 sociosqu
 []


Overfull \hbox (10.22217pt too wide) in paragraph at lines 6--7
\OT1/cmr/m/it/10 ad
 []


Overfull \hbox (22.87206pt too wide) in paragraph at lines 6--7
\OT1/cmr/m/it/10 litora
 []


Overfull \hbox (35.64972pt too wide) in paragraph at lines 6--7
\OT1/cmr/m/it/10 torquent
 []


Overfull \hbox (13.41655pt too wide) in paragraph at lines 6--7
\OT1/cmr/m/it/10 per
 []


Overfull \hbox (32.96645pt too wide) in paragraph at lines 6--7
\OT1/cmr/m/it/10 conubia
 []


Overfull \hbox (30.02757pt too wide) in paragraph at lines 6--7
\OT1/cmr/m/it/10 nostra,
 []


Overfull \hbox (13.41655pt too wide) in paragraph at lines 6--7
\OT1/cmr/m/it/10 per
 []


Overfull \hbox (35.01086pt too wide) in paragraph at lines 6--7
\OT1/cmr/m/it/10 inceptos
 []


Overfull \hbox (48.04414pt too wide) in paragraph at lines 6--7
\OT1/cmr/m/it/10 himenaeos.
 []


Overfull \hbox (47.8108pt too wide) in paragraph at lines 6--7
\OT1/cmr/m/it/10 Vestibulum
 []


Overfull \hbox (10.4777pt too wide) in paragraph at lines 6--7
\OT1/cmr/m/it/10 sit
 []


Overfull \hbox (21.21097pt too wide) in paragraph at lines 6--7
\OT1/cmr/m/it/10 amet
 []


Overfull \hbox (12.01102pt too wide) in paragraph at lines 6--7
\OT1/cmr/m/it/10 est
 []


Overfull \hbox (29.13318pt too wide) in paragraph at lines 6--7
\OT1/cmr/m/it/10 mollis,
 []


Overfull \hbox (28.4942pt too wide) in paragraph at lines 6--7
\OT1/cmr/m/it/10 laoreet
 []


Overfull \hbox (21.72209pt too wide) in paragraph at lines 6--7
\OT1/cmr/m/it/10 lacus
 []


Overfull \hbox (14.82211pt too wide) in paragraph at lines 6--7
\OT1/cmr/m/it/10 vel,
 []


Overfull \hbox (31.30531pt too wide) in paragraph at lines 6--7
\OT1/cmr/m/it/10 ultrices
 []


Overfull \hbox (16.611pt too wide) in paragraph at lines 6--7
\OT1/cmr/m/it/10 elit.
 []


Overfull \hbox (34.75534pt too wide) in paragraph at lines 6--7
\OT1/cmr/m/it/10 Quisque
 []


Overfull \hbox (35.01088pt too wide) in paragraph at lines 6--7
\OT1/cmr/m/it/10 vehicula
 []


Overfull \hbox (35.7775pt too wide) in paragraph at lines 6--7
\OT1/cmr/m/it/10 pharetra
 []


Overfull \hbox (43.9553pt too wide) in paragraph at lines 6--7
\OT1/cmr/m/it/10 dignissim.
 []


Overfull \hbox (34.75534pt too wide) in paragraph at lines 6--7
\OT1/cmr/m/it/10 Quisque
 []


Overfull \hbox (28.4942pt too wide) in paragraph at lines 6--7
\OT1/cmr/m/it/10 laoreet
 []


Overfull \hbox (23.12758pt too wide) in paragraph at lines 6--7
\OT1/cmr/m/it/10 libero
 []


Overfull \hbox (37.31087pt too wide) in paragraph at lines 6--7
\OT1/cmr/m/it/10 convallis
 []


Overfull \hbox (23.12758pt too wide) in paragraph at lines 6--7
\OT1/cmr/m/it/10 libero
 []


Overfull \hbox (33.73311pt too wide) in paragraph at lines 6--7
\OT1/cmr/m/it/10 rutrum,
 []


Overfull \hbox (8.68883pt too wide) in paragraph at lines 6--7
\OT1/cmr/m/it/10 ut
 []


Overfull \hbox (40.63306pt too wide) in paragraph at lines 6--7
\OT1/cmr/m/it/10 bibendum
 []


Overfull \hbox (13.54437pt too wide) in paragraph at lines 6--7
\OT1/cmr/m/it/10 dui
 []


Overfull \hbox (54.1774pt too wide) in paragraph at lines 6--7
\OT1/cmr/m/it/10 ullamcorper.
 []


Overfull \hbox (20.06096pt too wide) in paragraph at lines 6--7
\OT1/cmr/m/it/10 Cras
 []


Overfull \hbox (11.75546pt too wide) in paragraph at lines 6--7
\OT1/cmr/m/it/10 vel
 []


Overfull \hbox (41.39969pt too wide) in paragraph at lines 6--7
\OT1/cmr/m/it/10 consequat
 []


Overfull \hbox (24.78876pt too wide) in paragraph at lines 6--7
\OT1/cmr/m/it/10 nulla.
 []


Overfull \hbox (20.06096pt too wide) in paragraph at lines 6--7
\OT1/cmr/m/it/10 Cras
 []


Overfull \hbox (16.35547pt too wide) in paragraph at lines 6--7
\OT1/cmr/m/it/10 non
 []


Overfull \hbox (22.10542pt too wide) in paragraph at lines 6--7
\OT1/cmr/m/it/10 dolor
 []


Overfull \hbox (8.68883pt too wide) in paragraph at lines 6--7
\OT1/cmr/m/it/10 ut
 []


Overfull \hbox (21.7221pt too wide) in paragraph at lines 6--7
\OT1/cmr/m/it/10 nulla
 []


Overfull \hbox (35.26645pt too wide) in paragraph at lines 6--7
\OT1/cmr/m/it/10 faucibus
 []


Overfull \hbox (34.37201pt too wide) in paragraph at lines 6--7
\OT1/cmr/m/it/10 fringilla
 []


Overfull \hbox (20.69984pt too wide) in paragraph at lines 6--7
\OT1/cmr/m/it/10 vitae
 []


Overfull \hbox (17.12212pt too wide) in paragraph at lines 6--7
\OT1/cmr/m/it/10 quis
 []


Overfull \hbox (26.32207pt too wide) in paragraph at lines 6--7
\OT1/cmr/m/it/10 quam. 
 []


! LaTeX Error: Missing \begin{document}.

See the LaTeX manual or LaTeX Companion for explanation.
Type  H <return>  for immediate help.
 ...                                              
                                                  
l.8 ...etus et malesuada fames ac turpis egestas.}
                                                  
You're in trouble here.  Try typing  <return>  to proceed.
If that doesn't work, type  X <return>  to quit.


Overfull \hbox (40.06096pt too wide) in paragraph at lines 8--9
[]\OT1/cmr/m/it/10 Cras
 []


Overfull \hbox (22.99985pt too wide) in paragraph at lines 8--9
\OT1/cmr/m/it/10 tellus
 []


Overfull \hbox (24.27763pt too wide) in paragraph at lines 8--9
\OT1/cmr/m/it/10 nunc,
 []


Overfull \hbox (34.37201pt too wide) in paragraph at lines 8--9
\OT1/cmr/m/it/10 fringilla
 []


Overfull \hbox (7.92215pt too wide) in paragraph at lines 8--9
\OT1/cmr/m/it/10 et
 []


Overfull \hbox (25.2998pt too wide) in paragraph at lines 8--9
\OT1/cmr/m/it/10 tortor
 []


Overfull \hbox (51.49403pt too wide) in paragraph at lines 8--9
\OT1/cmr/m/it/10 consectetur,
 []


Overfull \hbox (30.02756pt too wide) in paragraph at lines 8--9
\OT1/cmr/m/it/10 tempor
 []


Overfull \hbox (33.222pt too wide) in paragraph at lines 8--9
\OT1/cmr/m/it/10 eleifend
 []


Overfull \hbox (24.5332pt too wide) in paragraph at lines 8--9
\OT1/cmr/m/it/10 diam.
 []


Overfull \hbox (53.80518pt too wide) in paragraph at lines 8--9
\OT1/cmr/m/it/10 Pellentesque
 []


Overfull \hbox (30.66646pt too wide) in paragraph at lines 8--9
\OT1/cmr/m/it/10 rutrum
 []


Overfull \hbox (17.50542pt too wide) in paragraph at lines 8--9
\OT1/cmr/m/it/10 eros
 []


Overfull \hbox (8.68884pt too wide) in paragraph at lines 8--9
\OT1/cmr/m/it/10 in
 []


Overfull \hbox (32.45537pt too wide) in paragraph at lines 8--9
\OT1/cmr/m/it/10 dapibus
 []


Overfull \hbox (32.19981pt too wide) in paragraph at lines 8--9
\OT1/cmr/m/it/10 lacinia.
 []


Overfull \hbox (23.5332pt too wide) in paragraph at lines 8--9
\OT1/cmr/m/it/10 Nulla
 []


Overfull \hbox (29.3887pt too wide) in paragraph at lines 8--9
\OT1/cmr/m/it/10 blandit
 []


Overfull \hbox (11.24438pt too wide) in paragraph at lines 8--9
\OT1/cmr/m/it/10 mi
 []


Overfull \hbox (8.68884pt too wide) in paragraph at lines 8--9
\OT1/cmr/m/it/10 in
 []


Overfull \hbox (17.88878pt too wide) in paragraph at lines 8--9
\OT1/cmr/m/it/10 odio
 []


Overfull \hbox (29.13313pt too wide) in paragraph at lines 8--9
\OT1/cmr/m/it/10 feugiat
 []


Overfull \hbox (32.7109pt too wide) in paragraph at lines 8--9
\OT1/cmr/m/it/10 dictum.
 []


Overfull \hbox (30.81648pt too wide) in paragraph at lines 8--9
\OT1/cmr/m/it/10 Mauris
 []


Overfull \hbox (30.15536pt too wide) in paragraph at lines 8--9
\OT1/cmr/m/it/10 sodales
 []


Overfull \hbox (11.24438pt too wide) in paragraph at lines 8--9
\OT1/cmr/m/it/10 mi
 []


Overfull \hbox (5.11108pt too wide) in paragraph at lines 8--9
\OT1/cmr/m/it/10 a
 []


Overfull \hbox (33.9887pt too wide) in paragraph at lines 8--9
\OT1/cmr/m/it/10 aliquam
 []


Overfull \hbox (36.67194pt too wide) in paragraph at lines 8--9
\OT1/cmr/m/it/10 placerat.
 []


Overfull \hbox (41.67747pt too wide) in paragraph at lines 8--9
\OT1/cmr/m/it/10 Maecenas
 []


Overfull \hbox (33.9887pt too wide) in paragraph at lines 8--9
\OT1/cmr/m/it/10 aliquam
 []


Overfull \hbox (22.99985pt too wide) in paragraph at lines 8--9
\OT1/cmr/m/it/10 tellus
 []


Overfull \hbox (8.68884pt too wide) in paragraph at lines 8--9
\OT1/cmr/m/it/10 in
 []


Overfull \hbox (16.4832pt too wide) in paragraph at lines 8--9
\OT1/cmr/m/it/10 orci
 []


Overfull \hbox (35.13863pt too wide) in paragraph at lines 8--9
\OT1/cmr/m/it/10 posuere,
 []


Overfull \hbox (5.11108pt too wide) in paragraph at lines 8--9
\OT1/cmr/m/it/10 a
 []


Overfull \hbox (35.7775pt too wide) in paragraph at lines 8--9
\OT1/cmr/m/it/10 pharetra
 []


Overfull \hbox (24.14983pt too wide) in paragraph at lines 8--9
\OT1/cmr/m/it/10 lorem
 []


Overfull \hbox (35.13863pt too wide) in paragraph at lines 8--9
\OT1/cmr/m/it/10 posuere.
 []


Overfull \hbox (26.97202pt too wide) in paragraph at lines 8--9
\OT1/cmr/m/it/10 Donec
 []


Overfull \hbox (8.68884pt too wide) in paragraph at lines 8--9
\OT1/cmr/m/it/10 in
 []


Overfull \hbox (16.86656pt too wide) in paragraph at lines 8--9
\OT1/cmr/m/it/10 sem
 []


Overfull \hbox (23.3832pt too wide) in paragraph at lines 8--9
\OT1/cmr/m/it/10 urna.
 []


Overfull \hbox (26.97202pt too wide) in paragraph at lines 8--9
\OT1/cmr/m/it/10 Donec
 []


Overfull \hbox (35.64978pt too wide) in paragraph at lines 8--9
\OT1/cmr/m/it/10 pulvinar
 []


Overfull \hbox (21.72209pt too wide) in paragraph at lines 8--9
\OT1/cmr/m/it/10 lacus
 []


Overfull \hbox (16.35547pt too wide) in paragraph at lines 8--9
\OT1/cmr/m/it/10 non
 []


Overfull \hbox (21.7221pt too wide) in paragraph at lines 8--9
\OT1/cmr/m/it/10 nulla
 []


Overfull \hbox (32.45532pt too wide) in paragraph at lines 8--9
\OT1/cmr/m/it/10 congue,
 []


Overfull \hbox (13.28879pt too wide) in paragraph at lines 8--9
\OT1/cmr/m/it/10 sed
 []


Overfull \hbox (31.30531pt too wide) in paragraph at lines 8--9
\OT1/cmr/m/it/10 ultrices
 []


Overfull \hbox (18.1443pt too wide) in paragraph at lines 8--9
\OT1/cmr/m/it/10 velit
 []


Overfull \hbox (51.49403pt too wide) in paragraph at lines 8--9
\OT1/cmr/m/it/10 consectetur.
 []


Overfull \hbox (20.0721pt too wide) in paragraph at lines 8--9
\OT1/cmr/m/it/10 Duis
 []


Overfull \hbox (33.222pt too wide) in paragraph at lines 8--9
\OT1/cmr/m/it/10 eleifend
 []


Overfull \hbox (31.56088pt too wide) in paragraph at lines 8--9
\OT1/cmr/m/it/10 lobortis
 []


Overfull \hbox (24.14986pt too wide) in paragraph at lines 8--9
\OT1/cmr/m/it/10 purus
 []


Overfull \hbox (10.4777pt too wide) in paragraph at lines 8--9
\OT1/cmr/m/it/10 sit
 []


Overfull \hbox (21.21097pt too wide) in paragraph at lines 8--9
\OT1/cmr/m/it/10 amet
 []


Overfull \hbox (50.21634pt too wide) in paragraph at lines 8--9
\OT1/cmr/m/it/10 fermentum.
 []


Overfull \hbox (26.97202pt too wide) in paragraph at lines 8--9
\OT1/cmr/m/it/10 Donec
 []


Overfull \hbox (33.9887pt too wide) in paragraph at lines 8--9
\OT1/cmr/m/it/10 aliquam
 []


Overfull \hbox (17.88878pt too wide) in paragraph at lines 8--9
\OT1/cmr/m/it/10 odio
 []


Overfull \hbox (26.0665pt too wide) in paragraph at lines 8--9
\OT1/cmr/m/it/10 tellus,
 []


Overfull \hbox (7.92215pt too wide) in paragraph at lines 8--9
\OT1/cmr/m/it/10 et
 []


Overfull \hbox (30.28311pt too wide) in paragraph at lines 8--9
\OT1/cmr/m/it/10 semper
 []


Overfull \hbox (28.62206pt too wide) in paragraph at lines 8--9
\OT1/cmr/m/it/10 magna
 []


Overfull \hbox (30.28311pt too wide) in paragraph at lines 8--9
\OT1/cmr/m/it/10 semper
 []


Overfull \hbox (14.82211pt too wide) in paragraph at lines 8--9
\OT1/cmr/m/it/10 vel.
 []


Overfull \hbox (31.71094pt too wide) in paragraph at lines 8--9
\OT1/cmr/m/it/10 Nullam
 []


Overfull \hbox (10.4777pt too wide) in paragraph at lines 8--9
\OT1/cmr/m/it/10 sit
 []


Overfull \hbox (21.21097pt too wide) in paragraph at lines 8--9
\OT1/cmr/m/it/10 amet
 []


Overfull \hbox (21.21098pt too wide) in paragraph at lines 8--9
\OT1/cmr/m/it/10 nunc
 []


Overfull \hbox (16.61095pt too wide) in paragraph at lines 8--9
\OT1/cmr/m/it/10 eget
 []


Overfull \hbox (22.10542pt too wide) in paragraph at lines 8--9
\OT1/cmr/m/it/10 dolor
 []


Overfull \hbox (34.88309pt too wide) in paragraph at lines 8--9
\OT1/cmr/m/it/10 ultricies
 []


Overfull \hbox (32.19981pt too wide) in paragraph at lines 8--9
\OT1/cmr/m/it/10 lacinia.
 []


Overfull \hbox (20.06096pt too wide) in paragraph at lines 8--9
\OT1/cmr/m/it/10 Cras
 []


Overfull \hbox (43.9553pt too wide) in paragraph at lines 8--9
\OT1/cmr/m/it/10 dignissim,
 []


Overfull \hbox (23.25542pt too wide) in paragraph at lines 8--9
\OT1/cmr/m/it/10 quam
 []


Overfull \hbox (48.04416pt too wide) in paragraph at lines 8--9
\OT1/cmr/m/it/10 sollicitudin
 []


Overfull \hbox (36.2886pt too wide) in paragraph at lines 8--9
\OT1/cmr/m/it/10 porttitor
 []


Overfull \hbox (36.28865pt too wide) in paragraph at lines 8--9
\OT1/cmr/m/it/10 eleifend,
 []


Overfull \hbox (21.21098pt too wide) in paragraph at lines 8--9
\OT1/cmr/m/it/10 nunc
 []


Overfull \hbox (18.39989pt too wide) in paragraph at lines 8--9
\OT1/cmr/m/it/10 nibh
 []


Overfull \hbox (45.87187pt too wide) in paragraph at lines 8--9
\OT1/cmr/m/it/10 scelerisque
 []


Overfull \hbox (28.11093pt too wide) in paragraph at lines 8--9
\OT1/cmr/m/it/10 augue,
 []


Overfull \hbox (10.4777pt too wide) in paragraph at lines 8--9
\OT1/cmr/m/it/10 sit
 []


Overfull \hbox (21.21097pt too wide) in paragraph at lines 8--9
\OT1/cmr/m/it/10 amet
 []


Overfull \hbox (47.14969pt too wide) in paragraph at lines 8--9
\OT1/cmr/m/it/10 fermentum
 []


Overfull \hbox (21.46655pt too wide) in paragraph at lines 8--9
\OT1/cmr/m/it/10 diam
 []


Overfull \hbox (11.24438pt too wide) in paragraph at lines 8--9
\OT1/cmr/m/it/10 mi
 []


Overfull \hbox (17.12212pt too wide) in paragraph at lines 8--9
\OT1/cmr/m/it/10 quis
 []


Overfull \hbox (30.66649pt too wide) in paragraph at lines 8--9
\OT1/cmr/m/it/10 sapien.
 []


Overfull \hbox (25.96094pt too wide) in paragraph at lines 8--9
\OT1/cmr/m/it/10 Morbi
 []


Overfull \hbox (32.07198pt too wide) in paragraph at lines 8--9
\OT1/cmr/m/it/10 posuere
 []


Overfull \hbox (25.55539pt too wide) in paragraph at lines 8--9
\OT1/cmr/m/it/10 metus
 []


Overfull \hbox (11.75546pt too wide) in paragraph at lines 8--9
\OT1/cmr/m/it/10 vel
 []


Overfull \hbox (35.64973pt too wide) in paragraph at lines 8--9
\OT1/cmr/m/it/10 tristique
 []


Overfull \hbox (37.1831pt too wide) in paragraph at lines 8--9
\OT1/cmr/m/it/10 rhoncus.
 []


Overfull \hbox (26.97202pt too wide) in paragraph at lines 8--9
\OT1/cmr/m/it/10 Donec
 []


Overfull \hbox (5.11108pt too wide) in paragraph at lines 8--9
\OT1/cmr/m/it/10 a
 []


Overfull \hbox (17.37767pt too wide) in paragraph at lines 8--9
\OT1/cmr/m/it/10 felis
 []


Overfull \hbox (14.31104pt too wide) in paragraph at lines 8--9
\OT1/cmr/m/it/10 mi.
 []


Overfull \hbox (10.75548pt too wide) in paragraph at lines 8--9
\OT1/cmr/m/it/10 Ut
 []


Overfull \hbox (29.89975pt too wide) in paragraph at lines 8--9
\OT1/cmr/m/it/10 viverra
 []


Overfull \hbox (12.01102pt too wide) in paragraph at lines 8--9
\OT1/cmr/m/it/10 est
 []


Overfull \hbox (16.35547pt too wide) in paragraph at lines 8--9
\OT1/cmr/m/it/10 non
 []


Overfull \hbox (24.02203pt too wide) in paragraph at lines 8--9
\OT1/cmr/m/it/10 lectus
 []


Overfull \hbox (28.3665pt too wide) in paragraph at lines 8--9
\OT1/cmr/m/it/10 finibus
 []


Overfull \hbox (42.4219pt too wide) in paragraph at lines 8--9
\OT1/cmr/m/it/10 hendrerit.
 []


Overfull \hbox (53.80518pt too wide) in paragraph at lines 8--9
\OT1/cmr/m/it/10 Pellentesque
 []


Overfull \hbox (35.26643pt too wide) in paragraph at lines 8--9
\OT1/cmr/m/it/10 habitant
 []


Overfull \hbox (25.17206pt too wide) in paragraph at lines 8--9
\OT1/cmr/m/it/10 morbi
 []


Overfull \hbox (35.64973pt too wide) in paragraph at lines 8--9
\OT1/cmr/m/it/10 tristique
 []


Overfull \hbox (35.77751pt too wide) in paragraph at lines 8--9
\OT1/cmr/m/it/10 senectus
 []


Overfull \hbox (7.92215pt too wide) in paragraph at lines 8--9
\OT1/cmr/m/it/10 et
 []


Overfull \hbox (22.99985pt too wide) in paragraph at lines 8--9
\OT1/cmr/m/it/10 netus
 []


Overfull \hbox (7.92215pt too wide) in paragraph at lines 8--9
\OT1/cmr/m/it/10 et
 []


Overfull \hbox (45.23308pt too wide) in paragraph at lines 8--9
\OT1/cmr/m/it/10 malesuada
 []


Overfull \hbox (25.0443pt too wide) in paragraph at lines 8--9
\OT1/cmr/m/it/10 fames
 []


Overfull \hbox (9.71104pt too wide) in paragraph at lines 8--9
\OT1/cmr/m/it/10 ac
 []


Overfull \hbox (25.17206pt too wide) in paragraph at lines 8--9
\OT1/cmr/m/it/10 turpis
 []


Overfull \hbox (32.96642pt too wide) in paragraph at lines 8--9
\OT1/cmr/m/it/10 egestas. 
 []


! LaTeX Error: Missing \begin{document}.

See the LaTeX manual or LaTeX Companion for explanation.
Type  H <return>  for immediate help.
 ...                                              
                                                  
l.10 ...a. Sed convallis blandit sem in ultrices.}
                                                  
You're in trouble here.  Try typing  <return>  to proceed.
If that doesn't work, type  X <return>  to quit.


Overfull \hbox (40.7221pt too wide) in paragraph at lines 10--11
[]\OT1/cmr/m/it/10 Nam
 []


Overfull \hbox (16.4832pt too wide) in paragraph at lines 10--11
\OT1/cmr/m/it/10 orci
 []


Overfull \hbox (28.23871pt too wide) in paragraph at lines 10--11
\OT1/cmr/m/it/10 turpis,
 []


Overfull \hbox (29.13313pt too wide) in paragraph at lines 10--11
\OT1/cmr/m/it/10 feugiat
 []


Overfull \hbox (17.12212pt too wide) in paragraph at lines 10--11
\OT1/cmr/m/it/10 quis
 []


Overfull \hbox (26.57764pt too wide) in paragraph at lines 10--11
\OT1/cmr/m/it/10 massa
 []


Overfull \hbox (16.35544pt too wide) in paragraph at lines 10--11
\OT1/cmr/m/it/10 sed,
 []


Overfull \hbox (48.42738pt too wide) in paragraph at lines 10--11
\OT1/cmr/m/it/10 consectetur
 []


Overfull \hbox (39.09975pt too wide) in paragraph at lines 10--11
\OT1/cmr/m/it/10 tincidunt
 []


Overfull \hbox (24.53319pt too wide) in paragraph at lines 10--11
\OT1/cmr/m/it/10 enim.
 []


Overfull \hbox (10.75548pt too wide) in paragraph at lines 10--11
\OT1/cmr/m/it/10 Ut
 []


Overfull \hbox (31.30531pt too wide) in paragraph at lines 10--11
\OT1/cmr/m/it/10 ultrices
 []


Overfull \hbox (24.14983pt too wide) in paragraph at lines 10--11
\OT1/cmr/m/it/10 lorem
 []


Overfull \hbox (8.68884pt too wide) in paragraph at lines 10--11
\OT1/cmr/m/it/10 in
 []


Overfull \hbox (35.64973pt too wide) in paragraph at lines 10--11
\OT1/cmr/m/it/10 tristique
 []


Overfull \hbox (54.68849pt too wide) in paragraph at lines 10--11
\OT1/cmr/m/it/10 pellentesque.
 []


Overfull \hbox (23.5332pt too wide) in paragraph at lines 10--11
\OT1/cmr/m/it/10 Nulla
 []


Overfull \hbox (31.6887pt too wide) in paragraph at lines 10--11
\OT1/cmr/m/it/10 facilisi.
 []


Overfull \hbox (53.80518pt too wide) in paragraph at lines 10--11
\OT1/cmr/m/it/10 Pellentesque
 []


Overfull \hbox (25.29984pt too wide) in paragraph at lines 10--11
\OT1/cmr/m/it/10 luctus
 []


Overfull \hbox (33.60529pt too wide) in paragraph at lines 10--11
\OT1/cmr/m/it/10 placerat
 []


Overfull \hbox (18.1443pt too wide) in paragraph at lines 10--11
\OT1/cmr/m/it/10 velit
 []


Overfull \hbox (28.62202pt too wide) in paragraph at lines 10--11
\OT1/cmr/m/it/10 aliquet
 []


Overfull \hbox (32.7109pt too wide) in paragraph at lines 10--11
\OT1/cmr/m/it/10 dictum.
 []


Overfull \hbox (40.77199pt too wide) in paragraph at lines 10--11
\OT1/cmr/m/it/10 Phasellus
 []


Overfull \hbox (31.30533pt too wide) in paragraph at lines 10--11
\OT1/cmr/m/it/10 gravida
 []


Overfull \hbox (12.01102pt too wide) in paragraph at lines 10--11
\OT1/cmr/m/it/10 est
 []


Overfull \hbox (24.78874pt too wide) in paragraph at lines 10--11
\OT1/cmr/m/it/10 lacus,
 []


Overfull \hbox (16.61095pt too wide) in paragraph at lines 10--11
\OT1/cmr/m/it/10 eget
 []


Overfull \hbox (48.04416pt too wide) in paragraph at lines 10--11
\OT1/cmr/m/it/10 sollicitudin
 []


Overfull \hbox (20.31654pt too wide) in paragraph at lines 10--11
\OT1/cmr/m/it/10 urna
 []


Overfull \hbox (40.37752pt too wide) in paragraph at lines 10--11
\OT1/cmr/m/it/10 commodo
 []


Overfull \hbox (19.6776pt too wide) in paragraph at lines 10--11
\OT1/cmr/m/it/10 eget.
 []


Overfull \hbox (34.75534pt too wide) in paragraph at lines 10--11
\OT1/cmr/m/it/10 Quisque
 []


Overfull \hbox (17.12212pt too wide) in paragraph at lines 10--11
\OT1/cmr/m/it/10 quis
 []


Overfull \hbox (11.75546pt too wide) in paragraph at lines 10--11
\OT1/cmr/m/it/10 leo
 []


Overfull \hbox (11.75546pt too wide) in paragraph at lines 10--11
\OT1/cmr/m/it/10 vel
 []


Overfull \hbox (23.12758pt too wide) in paragraph at lines 10--11
\OT1/cmr/m/it/10 libero
 []


Overfull \hbox (35.26645pt too wide) in paragraph at lines 10--11
\OT1/cmr/m/it/10 faucibus
 []


Overfull \hbox (35.77756pt too wide) in paragraph at lines 10--11
\OT1/cmr/m/it/10 suscipit.
 []


Overfull \hbox (41.67747pt too wide) in paragraph at lines 10--11
\OT1/cmr/m/it/10 Maecenas
 []


Overfull \hbox (16.35547pt too wide) in paragraph at lines 10--11
\OT1/cmr/m/it/10 non
 []


Overfull \hbox (34.88309pt too wide) in paragraph at lines 10--11
\OT1/cmr/m/it/10 ultricies
 []


Overfull \hbox (15.07767pt too wide) in paragraph at lines 10--11
\OT1/cmr/m/it/10 est,
 []


Overfull \hbox (20.69984pt too wide) in paragraph at lines 10--11
\OT1/cmr/m/it/10 vitae
 []


Overfull \hbox (48.04416pt too wide) in paragraph at lines 10--11
\OT1/cmr/m/it/10 sollicitudin
 []


Overfull \hbox (28.62204pt too wide) in paragraph at lines 10--11
\OT1/cmr/m/it/10 metus.
 []


Overfull \hbox (23.90536pt too wide) in paragraph at lines 10--11
\OT1/cmr/m/it/10 Fusce
 []


Overfull \hbox (18.65543pt too wide) in paragraph at lines 10--11
\OT1/cmr/m/it/10 ante
 []


Overfull \hbox (24.78874pt too wide) in paragraph at lines 10--11
\OT1/cmr/m/it/10 lacus,
 []


Overfull \hbox (30.02756pt too wide) in paragraph at lines 10--11
\OT1/cmr/m/it/10 tempor
 []


Overfull \hbox (14.31099pt too wide) in paragraph at lines 10--11
\OT1/cmr/m/it/10 nec
 []


Overfull \hbox (42.1664pt too wide) in paragraph at lines 10--11
\OT1/cmr/m/it/10 accumsan
 []


Overfull \hbox (10.4777pt too wide) in paragraph at lines 10--11
\OT1/cmr/m/it/10 sit
 []


Overfull \hbox (24.27762pt too wide) in paragraph at lines 10--11
\OT1/cmr/m/it/10 amet,
 []


Overfull \hbox (35.64973pt too wide) in paragraph at lines 10--11
\OT1/cmr/m/it/10 tristique
 []


Overfull \hbox (17.12212pt too wide) in paragraph at lines 10--11
\OT1/cmr/m/it/10 quis
 []


Overfull \hbox (27.2165pt too wide) in paragraph at lines 10--11
\OT1/cmr/m/it/10 purus.
 []


Overfull \hbox (20.06096pt too wide) in paragraph at lines 10--11
\OT1/cmr/m/it/10 Cras
 []


Overfull \hbox (7.92215pt too wide) in paragraph at lines 10--11
\OT1/cmr/m/it/10 et
 []


Overfull \hbox (21.46654pt too wide) in paragraph at lines 10--11
\OT1/cmr/m/it/10 enim
 []


Overfull \hbox (23.3832pt too wide) in paragraph at lines 10--11
\OT1/cmr/m/it/10 urna.
 []


Overfull \hbox (14.82211pt too wide) in paragraph at lines 10--11
\OT1/cmr/m/it/10 Sed
 []


Overfull \hbox (37.31087pt too wide) in paragraph at lines 10--11
\OT1/cmr/m/it/10 convallis
 []


Overfull \hbox (29.3887pt too wide) in paragraph at lines 10--11
\OT1/cmr/m/it/10 blandit
 []


Overfull \hbox (16.86656pt too wide) in paragraph at lines 10--11
\OT1/cmr/m/it/10 sem
 []


Overfull \hbox (8.68884pt too wide) in paragraph at lines 10--11
\OT1/cmr/m/it/10 in
 []


Overfull \hbox (34.37196pt too wide) in paragraph at lines 10--11
\OT1/cmr/m/it/10 ultrices. 
 []

)
! Emergency stop.
<*> ./ringraziamenti.tex
                        
*** (job aborted, no legal \end found)

 
Here is how much of TeX's memory you used:
 12 strings out of 494857
 279 string characters out of 3178232
 60988 words of memory out of 3000000
 3768 multiletter control sequences out of 15000+200000
 3986 words of font info for 15 fonts, out of 3000000 for 9000
 0 hyphenation exceptions out of 8191
 18i,4n,14p,879b,115s stack positions out of 5000i,500n,10000p,200000b,50000s
!  ==> Fatal error occurred, no output PDF file produced!
